

Microchip MPLAB XC8 Assembler V2.10 build 88905656 
                                                                                               Fri Feb 21 21:23:43 2020

Microchip MPLAB XC8 C Compiler v2.10 (Free license) build 20190730164152 Og1 
     1                           	processor	16F887
     2                           	opt	pw 120
     3                           	opt	flic
     4                           	psect	cinit,global,class=CODE,merge=1,delta=2
     5                           	psect	cstackCOMMON,global,class=COMMON,space=1,delta=1
     6                           	psect	cstackBANK0,global,class=BANK0,space=1,delta=1
     7                           	psect	maintext,global,class=CODE,split=1,delta=2
     8                           	psect	text1,local,class=CODE,merge=1,delta=2
     9                           	psect	text2,local,class=CODE,merge=1,delta=2
    10                           	psect	text3,local,class=CODE,merge=1,delta=2,group=1
    11                           	psect	text4,local,class=CODE,merge=1,delta=2
    12                           	psect	text5,local,class=CODE,merge=1,delta=2
    13                           	psect	text6,local,class=CODE,merge=1,delta=2
    14                           	psect	text7,local,class=CODE,merge=1,delta=2
    15                           	psect	text8,local,class=CODE,merge=1,delta=2
    16                           	dabs	1,0x7E,2
    17  0000                     
    18                           ; Version 2.10
    19                           ; Generated 31/07/2019 GMT
    20                           ; 
    21                           ; Copyright © 2019, Microchip Technology Inc. and its subsidiaries ("Microchip")
    22                           ; All rights reserved.
    23                           ; 
    24                           ; This software is developed by Microchip Technology Inc. and its subsidiaries ("Microch
      +                          ip").
    25                           ; 
    26                           ; Redistribution and use in source and binary forms, with or without modification, are
    27                           ; permitted provided that the following conditions are met:
    28                           ; 
    29                           ;     1. Redistributions of source code must retain the above copyright notice, this lis
      +                          t of
    30                           ;        conditions and the following disclaimer.
    31                           ; 
    32                           ;     2. Redistributions in binary form must reproduce the above copyright notice, this 
      +                          list
    33                           ;        of conditions and the following disclaimer in the documentation and/or other
    34                           ;        materials provided with the distribution.
    35                           ; 
    36                           ;     3. Microchip's name may not be used to endorse or promote products derived from th
      +                          is
    37                           ;        software without specific prior written permission.
    38                           ; 
    39                           ; THIS SOFTWARE IS PROVIDED BY MICROCHIP "AS IS" AND ANY EXPRESS OR IMPLIED WARRANTIES,
    40                           ; INCLUDING, BUT NOT LIMITED TO, THE IMPLIED WARRANTIES OF MERCHANTABILITY AND FITNESS F
      +                          OR
    41                           ; PURPOSE ARE DISCLAIMED.  IN NO EVENT SHALL MICROCHIP BE LIABLE FOR ANY DIRECT, INDIREC
      +                          T,
    42                           ; INCIDENTAL, SPECIAL, EXEMPLARY, OR CONSEQUENTIAL DAMAGES (INCLUDING BUT NOT LIMITED TO
    43                           ; PROCUREMENT OF SUBSTITUTE GOODS OR SERVICES; LOSS OF USE, DATA OR PROFITS; OR BUSINESS
    44                           ; INTERRUPTION) HOWSOEVER CAUSED AND ON ANY THEORY OF LIABILITY, WHETHER IN CONTRACT, ST
      +                          RICT
    45                           ; LIABILITY, OR TORT (INCLUDING NEGLIGENCE OR OTHERWISE) ARISING IN ANY WAY OUT OF THE U
      +                          SE OF
    46                           ; THIS SOFTWARE, EVEN IF ADVISED OF THE POSSIBILITY OF SUCH DAMAGE.
    47                           ; 
    48                           ; 
    49                           ; Code-generator required, PIC16F887 Definitions
    50                           ; 
    51                           ; SFR Addresses
    52  0000                     	;# 
    53  0001                     	;# 
    54  0002                     	;# 
    55  0003                     	;# 
    56  0004                     	;# 
    57  0005                     	;# 
    58  0006                     	;# 
    59  0007                     	;# 
    60  0008                     	;# 
    61  0009                     	;# 
    62  000A                     	;# 
    63  000B                     	;# 
    64  000C                     	;# 
    65  000D                     	;# 
    66  000E                     	;# 
    67  000E                     	;# 
    68  000F                     	;# 
    69  0010                     	;# 
    70  0011                     	;# 
    71  0012                     	;# 
    72  0013                     	;# 
    73  0014                     	;# 
    74  0015                     	;# 
    75  0015                     	;# 
    76  0016                     	;# 
    77  0017                     	;# 
    78  0018                     	;# 
    79  0019                     	;# 
    80  001A                     	;# 
    81  001B                     	;# 
    82  001B                     	;# 
    83  001C                     	;# 
    84  001D                     	;# 
    85  001E                     	;# 
    86  001F                     	;# 
    87  0081                     	;# 
    88  0085                     	;# 
    89  0086                     	;# 
    90  0087                     	;# 
    91  0088                     	;# 
    92  0089                     	;# 
    93  008C                     	;# 
    94  008D                     	;# 
    95  008E                     	;# 
    96  008F                     	;# 
    97  0090                     	;# 
    98  0091                     	;# 
    99  0092                     	;# 
   100  0093                     	;# 
   101  0093                     	;# 
   102  0093                     	;# 
   103  0094                     	;# 
   104  0095                     	;# 
   105  0096                     	;# 
   106  0097                     	;# 
   107  0098                     	;# 
   108  0099                     	;# 
   109  009A                     	;# 
   110  009B                     	;# 
   111  009C                     	;# 
   112  009D                     	;# 
   113  009E                     	;# 
   114  009F                     	;# 
   115  0105                     	;# 
   116  0107                     	;# 
   117  0108                     	;# 
   118  0109                     	;# 
   119  010C                     	;# 
   120  010C                     	;# 
   121  010D                     	;# 
   122  010E                     	;# 
   123  010F                     	;# 
   124  0185                     	;# 
   125  0187                     	;# 
   126  0188                     	;# 
   127  0189                     	;# 
   128  018C                     	;# 
   129  018D                     	;# 
   130  0000                     	;# 
   131  0001                     	;# 
   132  0002                     	;# 
   133  0003                     	;# 
   134  0004                     	;# 
   135  0005                     	;# 
   136  0006                     	;# 
   137  0007                     	;# 
   138  0008                     	;# 
   139  0009                     	;# 
   140  000A                     	;# 
   141  000B                     	;# 
   142  000C                     	;# 
   143  000D                     	;# 
   144  000E                     	;# 
   145  000E                     	;# 
   146  000F                     	;# 
   147  0010                     	;# 
   148  0011                     	;# 
   149  0012                     	;# 
   150  0013                     	;# 
   151  0014                     	;# 
   152  0015                     	;# 
   153  0015                     	;# 
   154  0016                     	;# 
   155  0017                     	;# 
   156  0018                     	;# 
   157  0019                     	;# 
   158  001A                     	;# 
   159  001B                     	;# 
   160  001B                     	;# 
   161  001C                     	;# 
   162  001D                     	;# 
   163  001E                     	;# 
   164  001F                     	;# 
   165  0081                     	;# 
   166  0085                     	;# 
   167  0086                     	;# 
   168  0087                     	;# 
   169  0088                     	;# 
   170  0089                     	;# 
   171  008C                     	;# 
   172  008D                     	;# 
   173  008E                     	;# 
   174  008F                     	;# 
   175  0090                     	;# 
   176  0091                     	;# 
   177  0092                     	;# 
   178  0093                     	;# 
   179  0093                     	;# 
   180  0093                     	;# 
   181  0094                     	;# 
   182  0095                     	;# 
   183  0096                     	;# 
   184  0097                     	;# 
   185  0098                     	;# 
   186  0099                     	;# 
   187  009A                     	;# 
   188  009B                     	;# 
   189  009C                     	;# 
   190  009D                     	;# 
   191  009E                     	;# 
   192  009F                     	;# 
   193  0105                     	;# 
   194  0107                     	;# 
   195  0108                     	;# 
   196  0109                     	;# 
   197  010C                     	;# 
   198  010C                     	;# 
   199  010D                     	;# 
   200  010E                     	;# 
   201  010F                     	;# 
   202  0185                     	;# 
   203  0187                     	;# 
   204  0188                     	;# 
   205  0189                     	;# 
   206  018C                     	;# 
   207  018D                     	;# 
   208  0000                     	;# 
   209  0001                     	;# 
   210  0002                     	;# 
   211  0003                     	;# 
   212  0004                     	;# 
   213  0005                     	;# 
   214  0006                     	;# 
   215  0007                     	;# 
   216  0008                     	;# 
   217  0009                     	;# 
   218  000A                     	;# 
   219  000B                     	;# 
   220  000C                     	;# 
   221  000D                     	;# 
   222  000E                     	;# 
   223  000E                     	;# 
   224  000F                     	;# 
   225  0010                     	;# 
   226  0011                     	;# 
   227  0012                     	;# 
   228  0013                     	;# 
   229  0014                     	;# 
   230  0015                     	;# 
   231  0015                     	;# 
   232  0016                     	;# 
   233  0017                     	;# 
   234  0018                     	;# 
   235  0019                     	;# 
   236  001A                     	;# 
   237  001B                     	;# 
   238  001B                     	;# 
   239  001C                     	;# 
   240  001D                     	;# 
   241  001E                     	;# 
   242  001F                     	;# 
   243  0081                     	;# 
   244  0085                     	;# 
   245  0086                     	;# 
   246  0087                     	;# 
   247  0088                     	;# 
   248  0089                     	;# 
   249  008C                     	;# 
   250  008D                     	;# 
   251  008E                     	;# 
   252  008F                     	;# 
   253  0090                     	;# 
   254  0091                     	;# 
   255  0092                     	;# 
   256  0093                     	;# 
   257  0093                     	;# 
   258  0093                     	;# 
   259  0094                     	;# 
   260  0095                     	;# 
   261  0096                     	;# 
   262  0097                     	;# 
   263  0098                     	;# 
   264  0099                     	;# 
   265  009A                     	;# 
   266  009B                     	;# 
   267  009C                     	;# 
   268  009D                     	;# 
   269  009E                     	;# 
   270  009F                     	;# 
   271  0105                     	;# 
   272  0107                     	;# 
   273  0108                     	;# 
   274  0109                     	;# 
   275  010C                     	;# 
   276  010C                     	;# 
   277  010D                     	;# 
   278  010E                     	;# 
   279  010F                     	;# 
   280  0185                     	;# 
   281  0187                     	;# 
   282  0188                     	;# 
   283  0189                     	;# 
   284  018C                     	;# 
   285  018D                     	;# 
   286  0005                     _PORTA	set	5
   287  0008                     _PORTD	set	8
   288  0006                     _PORTB	set	6
   289  0013                     _SSPBUF	set	19
   290  0014                     _SSPCON	set	20
   291  0063                     _SSPIF	set	99
   292  005E                     _PEIE	set	94
   293  005F                     _GIE	set	95
   294  0088                     _TRISD	set	136
   295  0086                     _TRISB	set	134
   296  0085                     _TRISA	set	133
   297  0091                     _SSPCON2bits	set	145
   298  0087                     _TRISCbits	set	135
   299  0094                     _SSPSTAT	set	148
   300  0093                     _SSPADD	set	147
   301  0091                     _SSPCON2	set	145
   302  0463                     _SSPIE	set	1123
   303  043C                     _TRISC4	set	1084
   304  043B                     _TRISC3	set	1083
   305  0189                     _ANSELH	set	393
   306  0188                     _ANSEL	set	392
   307                           
   308                           ; #config settings
   309  0000                     
   310                           	psect	cinit
   311  07FC                     start_initialization:	
   312  07FC                     __initialization:	
   313  07FC                     end_of_initialization:	
   314                           ;End of C runtime variable initialization code
   315                           
   316  07FC                     __end_of__initialization:	
   317  07FC  0183               	clrf	3
   318  07FD  120A  118A  2F61   	ljmp	_main	;jump to C main() function
   319                           
   320                           	psect	cstackCOMMON
   321  0070                     __pcstackCOMMON:	
   322  0070                     ?_setup:	
   323  0070                     ?_I2C_Master_Wait:	
   324                           ; 1 bytes @ 0x0
   325                           
   326  0070                     ??_I2C_Master_Wait:	
   327                           ; 1 bytes @ 0x0
   328                           
   329  0070                     ?_I2C_Master_Start:	
   330                           ; 1 bytes @ 0x0
   331                           
   332  0070                     ??_I2C_Master_Start:	
   333                           ; 1 bytes @ 0x0
   334                           
   335  0070                     ?_I2C_Master_Stop:	
   336                           ; 1 bytes @ 0x0
   337                           
   338  0070                     ??_I2C_Master_Stop:	
   339                           ; 1 bytes @ 0x0
   340                           
   341  0070                     ?_I2C_Master_Write:	
   342                           ; 1 bytes @ 0x0
   343                           
   344  0070                     ?_main:	
   345                           ; 1 bytes @ 0x0
   346                           
   347  0070                     ?_I2C_Master_Read:	
   348                           ; 1 bytes @ 0x0
   349                           
   350  0070                     ?___lldiv:	
   351                           ; 2 bytes @ 0x0
   352                           
   353  0070                     I2C_Master_Write@d:	
   354                           ; 4 bytes @ 0x0
   355                           
   356  0070                     I2C_Master_Read@a:	
   357                           ; 2 bytes @ 0x0
   358                           
   359  0070                     ___lldiv@divisor:	
   360                           ; 2 bytes @ 0x0
   361                           
   362                           
   363                           ; 4 bytes @ 0x0
   364  0070                     	ds	2
   365  0072                     ??_I2C_Master_Write:	
   366  0072                     ??_I2C_Master_Read:	
   367                           ; 1 bytes @ 0x2
   368                           
   369                           
   370                           ; 1 bytes @ 0x2
   371  0072                     	ds	2
   372  0074                     I2C_Master_Read@temp:	
   373  0074                     ___lldiv@dividend:	
   374                           ; 2 bytes @ 0x4
   375                           
   376                           
   377                           ; 4 bytes @ 0x4
   378  0074                     	ds	4
   379  0078                     ??___lldiv:	
   380                           
   381                           ; 1 bytes @ 0x8
   382  0078                     	ds	1
   383  0079                     ___lldiv@quotient:	
   384                           
   385                           ; 4 bytes @ 0x9
   386  0079                     	ds	4
   387  007D                     ___lldiv@counter:	
   388                           
   389                           ; 1 bytes @ 0xD
   390  007D                     	ds	1
   391  007E                     ??_setup:	
   392                           
   393                           	psect	cstackBANK0
   394  0020                     __pcstackBANK0:	
   395                           ; 1 bytes @ 0xE
   396                           
   397  0020                     ?_I2C_Master_Init:	
   398  0020                     I2C_Master_Init@c:	
   399                           ; 1 bytes @ 0x0
   400                           
   401                           
   402                           ; 4 bytes @ 0x0
   403  0020                     	ds	4
   404  0024                     ??_I2C_Master_Init:	
   405                           
   406                           ; 1 bytes @ 0x4
   407  0024                     	ds	4
   408  0028                     ??_main:	
   409                           
   410                           ; 1 bytes @ 0x8
   411  0028                     	ds	3
   412                           
   413                           	psect	maintext
   414  0761                     __pmaintext:	
   415 ;;
   416 ;;Main: autosize = 0, tempsize = 3, incstack = 0, save=0
   417 ;;
   418 ;; *************** function _main *****************
   419 ;; Defined at:
   420 ;;		line 50 in file "main_M.c"
   421 ;; Parameters:    Size  Location     Type
   422 ;;		None
   423 ;; Auto vars:     Size  Location     Type
   424 ;;		None
   425 ;; Return value:  Size  Location     Type
   426 ;;                  1    wreg      void 
   427 ;; Registers used:
   428 ;;		wreg, status,2, status,0, pclath, cstack
   429 ;; Tracked objects:
   430 ;;		On entry : B00/0
   431 ;;		On exit  : 0/0
   432 ;;		Unchanged: 0/0
   433 ;; Data sizes:     COMMON   BANK0   BANK1   BANK3   BANK2
   434 ;;      Params:         0       0       0       0       0
   435 ;;      Locals:         0       0       0       0       0
   436 ;;      Temps:          0       3       0       0       0
   437 ;;      Totals:         0       3       0       0       0
   438 ;;Total ram usage:        3 bytes
   439 ;; Hardware stack levels required when called:    3
   440 ;; This function calls:
   441 ;;		_I2C_Master_Read
   442 ;;		_I2C_Master_Start
   443 ;;		_I2C_Master_Stop
   444 ;;		_I2C_Master_Write
   445 ;;		_setup
   446 ;; This function is called by:
   447 ;;		Startup code after reset
   448 ;; This function uses a non-reentrant model
   449 ;;
   450                           
   451                           
   452                           ;psect for function _main
   453  0761                     _main:	
   454  0761                     l856:	
   455                           ;incstack = 0
   456                           ; Regs used in _main: [wreg+status,2+status,0+pclath+cstack]
   457                           
   458                           
   459                           ;main_M.c: 51:     setup();
   460  0761  120A  118A  2679  120A  118A  	fcall	_setup
   461  0766                     l90:	
   462                           ;main_M.c: 52:     while(1){
   463                           
   464                           
   465                           ;main_M.c: 53:         I2C_Master_Start();
   466  0766  120A  118A  2650  120A  118A  	fcall	_I2C_Master_Start
   467                           
   468                           ;main_M.c: 54:         I2C_Master_Write(0x50);
   469  076B  3050               	movlw	80
   470  076C  00F0               	movwf	I2C_Master_Write@d
   471  076D  3000               	movlw	0
   472  076E  00F1               	movwf	I2C_Master_Write@d+1
   473  076F  120A  118A  2662  120A  118A  	fcall	_I2C_Master_Write
   474                           
   475                           ;main_M.c: 55:         I2C_Master_Write(PORTB);
   476  0774  1283               	bcf	3,5	;RP0=0, select bank0
   477  0775  1303               	bcf	3,6	;RP1=0, select bank0
   478  0776  0806               	movf	6,w	;volatile
   479  0777  00A8               	movwf	??_main
   480  0778  01A9               	clrf	??_main+1
   481  0779  0828               	movf	??_main,w
   482  077A  00F0               	movwf	I2C_Master_Write@d
   483  077B  0829               	movf	??_main+1,w
   484  077C  00F1               	movwf	I2C_Master_Write@d+1
   485  077D  120A  118A  2662  120A  118A  	fcall	_I2C_Master_Write
   486                           
   487                           ;main_M.c: 56:         I2C_Master_Stop();
   488  0782  120A  118A  2659  120A  118A  	fcall	_I2C_Master_Stop
   489  0787                     l858:	
   490                           
   491                           ;main_M.c: 57:         _delay((unsigned long)((100)*(8000000/4000.0)));
   492  0787  3002               	movlw	2
   493  0788  1283               	bcf	3,5	;RP0=0, select bank0
   494  0789  1303               	bcf	3,6	;RP1=0, select bank0
   495  078A  00AA               	movwf	??_main+2
   496  078B  3004               	movlw	4
   497  078C  00A9               	movwf	??_main+1
   498  078D  30B9               	movlw	185
   499  078E  00A8               	movwf	??_main
   500  078F                     u217:	
   501  078F  0BA8               	decfsz	??_main,f
   502  0790  2F8F               	goto	u217
   503  0791  0BA9               	decfsz	??_main+1,f
   504  0792  2F8F               	goto	u217
   505  0793  0BAA               	decfsz	??_main+2,f
   506  0794  2F8F               	goto	u217
   507  0795  2F96               	nop2
   508  0796                     l860:	
   509                           
   510                           ;main_M.c: 59:         I2C_Master_Start();
   511  0796  120A  118A  2650  120A  118A  	fcall	_I2C_Master_Start
   512  079B                     l862:	
   513                           
   514                           ;main_M.c: 60:         I2C_Master_Write(0x51);
   515  079B  3051               	movlw	81
   516  079C  00F0               	movwf	I2C_Master_Write@d
   517  079D  3000               	movlw	0
   518  079E  00F1               	movwf	I2C_Master_Write@d+1
   519  079F  120A  118A  2662  120A  118A  	fcall	_I2C_Master_Write
   520  07A4                     l864:	
   521                           
   522                           ;main_M.c: 61:         PORTD = I2C_Master_Read(0);
   523  07A4  3000               	movlw	0
   524  07A5  00F0               	movwf	I2C_Master_Read@a
   525  07A6  00F1               	movwf	I2C_Master_Read@a+1
   526  07A7  120A  118A  2695  120A  118A  	fcall	_I2C_Master_Read
   527  07AC  0870               	movf	?_I2C_Master_Read,w
   528  07AD  1283               	bcf	3,5	;RP0=0, select bank0
   529  07AE  1303               	bcf	3,6	;RP1=0, select bank0
   530  07AF  0088               	movwf	8	;volatile
   531  07B0                     l866:	
   532                           
   533                           ;main_M.c: 62:         I2C_Master_Stop();
   534  07B0  120A  118A  2659  120A  118A  	fcall	_I2C_Master_Stop
   535  07B5                     l868:	
   536                           
   537                           ;main_M.c: 63:         _delay((unsigned long)((100)*(8000000/4000.0)));
   538  07B5  3002               	movlw	2
   539  07B6  1283               	bcf	3,5	;RP0=0, select bank0
   540  07B7  1303               	bcf	3,6	;RP1=0, select bank0
   541  07B8  00AA               	movwf	??_main+2
   542  07B9  3004               	movlw	4
   543  07BA  00A9               	movwf	??_main+1
   544  07BB  30B9               	movlw	185
   545  07BC  00A8               	movwf	??_main
   546  07BD                     u227:	
   547  07BD  0BA8               	decfsz	??_main,f
   548  07BE  2FBD               	goto	u227
   549  07BF  0BA9               	decfsz	??_main+1,f
   550  07C0  2FBD               	goto	u227
   551  07C1  0BAA               	decfsz	??_main+2,f
   552  07C2  2FBD               	goto	u227
   553  07C3  2FC4               	nop2
   554                           
   555                           ;main_M.c: 66:         I2C_Master_Start();
   556  07C4  120A  118A  2650  120A  118A  	fcall	_I2C_Master_Start
   557                           
   558                           ;main_M.c: 67:         I2C_Master_Write(0x41);
   559  07C9  3041               	movlw	65
   560  07CA  00F0               	movwf	I2C_Master_Write@d
   561  07CB  3000               	movlw	0
   562  07CC  00F1               	movwf	I2C_Master_Write@d+1
   563  07CD  120A  118A  2662  120A  118A  	fcall	_I2C_Master_Write
   564                           
   565                           ;main_M.c: 68:         PORTA = I2C_Master_Read(0);
   566  07D2  3000               	movlw	0
   567  07D3  00F0               	movwf	I2C_Master_Read@a
   568  07D4  00F1               	movwf	I2C_Master_Read@a+1
   569  07D5  120A  118A  2695  120A  118A  	fcall	_I2C_Master_Read
   570  07DA  0870               	movf	?_I2C_Master_Read,w
   571  07DB  1283               	bcf	3,5	;RP0=0, select bank0
   572  07DC  1303               	bcf	3,6	;RP1=0, select bank0
   573  07DD  0085               	movwf	5	;volatile
   574                           
   575                           ;main_M.c: 69:         I2C_Master_Stop();
   576  07DE  120A  118A  2659  120A  118A  	fcall	_I2C_Master_Stop
   577  07E3                     l870:	
   578                           
   579                           ;main_M.c: 70:         _delay((unsigned long)((100)*(8000000/4000.0)));
   580  07E3  3002               	movlw	2
   581  07E4  1283               	bcf	3,5	;RP0=0, select bank0
   582  07E5  1303               	bcf	3,6	;RP1=0, select bank0
   583  07E6  00AA               	movwf	??_main+2
   584  07E7  3004               	movlw	4
   585  07E8  00A9               	movwf	??_main+1
   586  07E9  30B9               	movlw	185
   587  07EA  00A8               	movwf	??_main
   588  07EB                     u237:	
   589  07EB  0BA8               	decfsz	??_main,f
   590  07EC  2FEB               	goto	u237
   591  07ED  0BA9               	decfsz	??_main+1,f
   592  07EE  2FEB               	goto	u237
   593  07EF  0BAA               	decfsz	??_main+2,f
   594  07F0  2FEB               	goto	u237
   595  07F1  2FF2               	nop2
   596  07F2                     l872:	
   597                           
   598                           ;main_M.c: 72:         PORTB++;
   599  07F2  3001               	movlw	1
   600  07F3  1283               	bcf	3,5	;RP0=0, select bank0
   601  07F4  1303               	bcf	3,6	;RP1=0, select bank0
   602  07F5  00A8               	movwf	??_main
   603  07F6  0828               	movf	??_main,w
   604  07F7  0786               	addwf	6,f	;volatile
   605  07F8  2F66               	goto	l90
   606  07F9  120A  118A  2800   	ljmp	start
   607  07FC                     __end_of_main:	
   608                           
   609                           	psect	text1
   610  0679                     __ptext1:	
   611 ;; *************** function _setup *****************
   612 ;; Defined at:
   613 ;;		line 79 in file "main_M.c"
   614 ;; Parameters:    Size  Location     Type
   615 ;;		None
   616 ;; Auto vars:     Size  Location     Type
   617 ;;		None
   618 ;; Return value:  Size  Location     Type
   619 ;;                  1    wreg      void 
   620 ;; Registers used:
   621 ;;		wreg, status,2, status,0, pclath, cstack
   622 ;; Tracked objects:
   623 ;;		On entry : 0/0
   624 ;;		On exit  : 0/0
   625 ;;		Unchanged: 0/0
   626 ;; Data sizes:     COMMON   BANK0   BANK1   BANK3   BANK2
   627 ;;      Params:         0       0       0       0       0
   628 ;;      Locals:         0       0       0       0       0
   629 ;;      Temps:          0       0       0       0       0
   630 ;;      Totals:         0       0       0       0       0
   631 ;;Total ram usage:        0 bytes
   632 ;; Hardware stack levels used:    1
   633 ;; Hardware stack levels required when called:    2
   634 ;; This function calls:
   635 ;;		_I2C_Master_Init
   636 ;; This function is called by:
   637 ;;		_main
   638 ;; This function uses a non-reentrant model
   639 ;;
   640                           
   641                           
   642                           ;psect for function _setup
   643  0679                     _setup:	
   644  0679                     l852:	
   645                           ;incstack = 0
   646                           ; Regs used in _setup: [wreg+status,2+status,0+pclath+cstack]
   647                           
   648                           
   649                           ;main_M.c: 80:     ANSEL = 0;
   650  0679  1683               	bsf	3,5	;RP0=1, select bank3
   651  067A  1703               	bsf	3,6	;RP1=1, select bank3
   652  067B  0188               	clrf	8	;volatile
   653                           
   654                           ;main_M.c: 81:     ANSELH = 0;
   655  067C  0189               	clrf	9	;volatile
   656                           
   657                           ;main_M.c: 83:     TRISA = 0;
   658  067D  1683               	bsf	3,5	;RP0=1, select bank1
   659  067E  1303               	bcf	3,6	;RP1=0, select bank1
   660  067F  0185               	clrf	5	;volatile
   661                           
   662                           ;main_M.c: 84:     TRISB = 0;
   663  0680  0186               	clrf	6	;volatile
   664                           
   665                           ;main_M.c: 85:     TRISD = 0;
   666  0681  0188               	clrf	8	;volatile
   667                           
   668                           ;main_M.c: 87:     PORTB = 0;
   669  0682  1283               	bcf	3,5	;RP0=0, select bank0
   670  0683  1303               	bcf	3,6	;RP1=0, select bank0
   671  0684  0186               	clrf	6	;volatile
   672                           
   673                           ;main_M.c: 88:     PORTD = 0;
   674  0685  0188               	clrf	8	;volatile
   675                           
   676                           ;main_M.c: 89:     PORTA = 0;
   677  0686  0185               	clrf	5	;volatile
   678  0687                     l854:	
   679                           
   680                           ;main_M.c: 90:     I2C_Master_Init(100000);
   681  0687  3000               	movlw	0
   682  0688  00A3               	movwf	I2C_Master_Init@c+3
   683  0689  3001               	movlw	1
   684  068A  00A2               	movwf	I2C_Master_Init@c+2
   685  068B  3086               	movlw	134
   686  068C  00A1               	movwf	I2C_Master_Init@c+1
   687  068D  30A0               	movlw	160
   688  068E  00A0               	movwf	I2C_Master_Init@c
   689  068F  120A  118A  26C3  120A  118A  	fcall	_I2C_Master_Init
   690  0694                     l96:	
   691  0694  0008               	return
   692  0695                     __end_of_setup:	
   693                           
   694                           	psect	text2
   695  06C3                     __ptext2:	
   696 ;; *************** function _I2C_Master_Init *****************
   697 ;; Defined at:
   698 ;;		line 16 in file "I2C.c"
   699 ;; Parameters:    Size  Location     Type
   700 ;;  c               4    0[BANK0 ] const unsigned long 
   701 ;; Auto vars:     Size  Location     Type
   702 ;;		None
   703 ;; Return value:  Size  Location     Type
   704 ;;                  1    wreg      void 
   705 ;; Registers used:
   706 ;;		wreg, status,2, status,0, pclath, cstack
   707 ;; Tracked objects:
   708 ;;		On entry : 0/0
   709 ;;		On exit  : 0/0
   710 ;;		Unchanged: 0/0
   711 ;; Data sizes:     COMMON   BANK0   BANK1   BANK3   BANK2
   712 ;;      Params:         0       4       0       0       0
   713 ;;      Locals:         0       0       0       0       0
   714 ;;      Temps:          0       4       0       0       0
   715 ;;      Totals:         0       8       0       0       0
   716 ;;Total ram usage:        8 bytes
   717 ;; Hardware stack levels used:    1
   718 ;; Hardware stack levels required when called:    1
   719 ;; This function calls:
   720 ;;		___lldiv
   721 ;; This function is called by:
   722 ;;		_setup
   723 ;; This function uses a non-reentrant model
   724 ;;
   725                           
   726                           
   727                           ;psect for function _I2C_Master_Init
   728  06C3                     _I2C_Master_Init:	
   729  06C3                     l820:	
   730                           ;incstack = 0
   731                           ; Regs used in _I2C_Master_Init: [wreg+status,2+status,0+pclath+cstack]
   732                           
   733                           
   734                           ;I2C.c: 16: void I2C_Master_Init(const unsigned long c);I2C.c: 17: {;I2C.c: 18:     SSPC
      +                          ON = 0b00101000;
   735  06C3  3028               	movlw	40
   736  06C4  1283               	bcf	3,5	;RP0=0, select bank0
   737  06C5  1303               	bcf	3,6	;RP1=0, select bank0
   738  06C6  0094               	movwf	20	;volatile
   739  06C7                     l822:	
   740                           
   741                           ;I2C.c: 19:     SSPCON2 = 0;
   742  06C7  1683               	bsf	3,5	;RP0=1, select bank1
   743  06C8  1303               	bcf	3,6	;RP1=0, select bank1
   744  06C9  0191               	clrf	17	;volatile
   745  06CA                     l824:	
   746                           
   747                           ;I2C.c: 20:     SSPADD = (8000000/(4*c))-1;
   748  06CA  1283               	bcf	3,5	;RP0=0, select bank0
   749  06CB  1303               	bcf	3,6	;RP1=0, select bank0
   750  06CC  0820               	movf	I2C_Master_Init@c,w
   751  06CD  00A4               	movwf	??_I2C_Master_Init
   752  06CE  0821               	movf	I2C_Master_Init@c+1,w
   753  06CF  00A5               	movwf	??_I2C_Master_Init+1
   754  06D0  0822               	movf	I2C_Master_Init@c+2,w
   755  06D1  00A6               	movwf	??_I2C_Master_Init+2
   756  06D2  0823               	movf	I2C_Master_Init@c+3,w
   757  06D3  00A7               	movwf	??_I2C_Master_Init+3
   758  06D4  3002               	movlw	2
   759  06D5                     u195:	
   760  06D5  1003               	clrc
   761  06D6  0DA4               	rlf	??_I2C_Master_Init,f
   762  06D7  0DA5               	rlf	??_I2C_Master_Init+1,f
   763  06D8  0DA6               	rlf	??_I2C_Master_Init+2,f
   764  06D9  0DA7               	rlf	??_I2C_Master_Init+3,f
   765  06DA                     u190:	
   766  06DA  3EFF               	addlw	-1
   767  06DB  1D03               	skipz
   768  06DC  2ED5               	goto	u195
   769  06DD  0827               	movf	??_I2C_Master_Init+3,w
   770  06DE  00F3               	movwf	___lldiv@divisor+3
   771  06DF  0826               	movf	??_I2C_Master_Init+2,w
   772  06E0  00F2               	movwf	___lldiv@divisor+2
   773  06E1  0825               	movf	??_I2C_Master_Init+1,w
   774  06E2  00F1               	movwf	___lldiv@divisor+1
   775  06E3  0824               	movf	??_I2C_Master_Init,w
   776  06E4  00F0               	movwf	___lldiv@divisor
   777  06E5  3000               	movlw	0
   778  06E6  00F7               	movwf	___lldiv@dividend+3
   779  06E7  307A               	movlw	122
   780  06E8  00F6               	movwf	___lldiv@dividend+2
   781  06E9  3012               	movlw	18
   782  06EA  00F5               	movwf	___lldiv@dividend+1
   783  06EB  3000               	movlw	0
   784  06EC  00F4               	movwf	___lldiv@dividend
   785  06ED  120A  118A  26FB  120A  118A  	fcall	___lldiv
   786  06F2  0870               	movf	?___lldiv,w
   787  06F3  3EFF               	addlw	255
   788  06F4  1683               	bsf	3,5	;RP0=1, select bank1
   789  06F5  1303               	bcf	3,6	;RP1=0, select bank1
   790  06F6  0093               	movwf	19	;volatile
   791  06F7                     l826:	
   792                           
   793                           ;I2C.c: 21:     SSPSTAT = 0;
   794  06F7  0194               	clrf	20	;volatile
   795  06F8                     l828:	
   796                           
   797                           ;I2C.c: 22:     TRISCbits.TRISC3 = 1;
   798  06F8  1587               	bsf	7,3	;volatile
   799  06F9                     l830:	
   800                           
   801                           ;I2C.c: 23:     TRISCbits.TRISC4 = 1;
   802  06F9  1607               	bsf	7,4	;volatile
   803  06FA                     l29:	
   804  06FA  0008               	return
   805  06FB                     __end_of_I2C_Master_Init:	
   806                           
   807                           	psect	text3
   808  06FB                     __ptext3:	
   809 ;; *************** function ___lldiv *****************
   810 ;; Defined at:
   811 ;;		line 5 in file "C:\Program Files (x86)\Microchip\xc8\v2.10\pic\sources\c90\common\__lldiv.c"
   812 ;; Parameters:    Size  Location     Type
   813 ;;  divisor         4    0[COMMON] unsigned long 
   814 ;;  dividend        4    4[COMMON] unsigned long 
   815 ;; Auto vars:     Size  Location     Type
   816 ;;  quotient        4    9[COMMON] unsigned long 
   817 ;;  counter         1   13[COMMON] unsigned char 
   818 ;; Return value:  Size  Location     Type
   819 ;;                  4    0[COMMON] unsigned long 
   820 ;; Registers used:
   821 ;;		wreg, status,2, status,0
   822 ;; Tracked objects:
   823 ;;		On entry : 0/0
   824 ;;		On exit  : 0/0
   825 ;;		Unchanged: 0/0
   826 ;; Data sizes:     COMMON   BANK0   BANK1   BANK3   BANK2
   827 ;;      Params:         8       0       0       0       0
   828 ;;      Locals:         5       0       0       0       0
   829 ;;      Temps:          1       0       0       0       0
   830 ;;      Totals:        14       0       0       0       0
   831 ;;Total ram usage:       14 bytes
   832 ;; Hardware stack levels used:    1
   833 ;; This function calls:
   834 ;;		Nothing
   835 ;; This function is called by:
   836 ;;		_I2C_Master_Init
   837 ;; This function uses a non-reentrant model
   838 ;;
   839                           
   840                           
   841                           ;psect for function ___lldiv
   842  06FB                     ___lldiv:	
   843  06FB                     l796:	
   844                           ;incstack = 0
   845                           ; Regs used in ___lldiv: [wreg+status,2+status,0]
   846                           
   847  06FB  3000               	movlw	0
   848  06FC  00FC               	movwf	___lldiv@quotient+3
   849  06FD  3000               	movlw	0
   850  06FE  00FB               	movwf	___lldiv@quotient+2
   851  06FF  3000               	movlw	0
   852  0700  00FA               	movwf	___lldiv@quotient+1
   853  0701  3000               	movlw	0
   854  0702  00F9               	movwf	___lldiv@quotient
   855  0703  0873               	movf	___lldiv@divisor+3,w
   856  0704  0472               	iorwf	___lldiv@divisor+2,w
   857  0705  0471               	iorwf	___lldiv@divisor+1,w
   858  0706  0470               	iorwf	___lldiv@divisor,w
   859  0707  1903               	skipnz
   860  0708  2F0A               	goto	u121
   861  0709  2F0B               	goto	u120
   862  070A                     u121:	
   863  070A  2F58               	goto	l816
   864  070B                     u120:	
   865  070B                     l798:	
   866  070B  01FD               	clrf	___lldiv@counter
   867  070C  0AFD               	incf	___lldiv@counter,f
   868  070D  2F1B               	goto	l802
   869  070E                     l800:	
   870  070E  3001               	movlw	1
   871  070F  00F8               	movwf	??___lldiv
   872  0710                     u135:	
   873  0710  1003               	clrc
   874  0711  0DF0               	rlf	___lldiv@divisor,f
   875  0712  0DF1               	rlf	___lldiv@divisor+1,f
   876  0713  0DF2               	rlf	___lldiv@divisor+2,f
   877  0714  0DF3               	rlf	___lldiv@divisor+3,f
   878  0715  0BF8               	decfsz	??___lldiv,f
   879  0716  2F10               	goto	u135
   880  0717  3001               	movlw	1
   881  0718  00F8               	movwf	??___lldiv
   882  0719  0878               	movf	??___lldiv,w
   883  071A  07FD               	addwf	___lldiv@counter,f
   884  071B                     l802:	
   885  071B  1FF3               	btfss	___lldiv@divisor+3,7
   886  071C  2F1E               	goto	u141
   887  071D  2F1F               	goto	u140
   888  071E                     u141:	
   889  071E  2F0E               	goto	l800
   890  071F                     u140:	
   891  071F                     l804:	
   892  071F  3001               	movlw	1
   893  0720  00F8               	movwf	??___lldiv
   894  0721                     u155:	
   895  0721  1003               	clrc
   896  0722  0DF9               	rlf	___lldiv@quotient,f
   897  0723  0DFA               	rlf	___lldiv@quotient+1,f
   898  0724  0DFB               	rlf	___lldiv@quotient+2,f
   899  0725  0DFC               	rlf	___lldiv@quotient+3,f
   900  0726  0BF8               	decfsz	??___lldiv,f
   901  0727  2F21               	goto	u155
   902  0728                     l806:	
   903  0728  0873               	movf	___lldiv@divisor+3,w
   904  0729  0277               	subwf	___lldiv@dividend+3,w
   905  072A  1D03               	skipz
   906  072B  2F36               	goto	u165
   907  072C  0872               	movf	___lldiv@divisor+2,w
   908  072D  0276               	subwf	___lldiv@dividend+2,w
   909  072E  1D03               	skipz
   910  072F  2F36               	goto	u165
   911  0730  0871               	movf	___lldiv@divisor+1,w
   912  0731  0275               	subwf	___lldiv@dividend+1,w
   913  0732  1D03               	skipz
   914  0733  2F36               	goto	u165
   915  0734  0870               	movf	___lldiv@divisor,w
   916  0735  0274               	subwf	___lldiv@dividend,w
   917  0736                     u165:	
   918  0736  1C03               	skipc
   919  0737  2F39               	goto	u161
   920  0738  2F3A               	goto	u160
   921  0739                     u161:	
   922  0739  2F49               	goto	l812
   923  073A                     u160:	
   924  073A                     l808:	
   925  073A  0870               	movf	___lldiv@divisor,w
   926  073B  02F4               	subwf	___lldiv@dividend,f
   927  073C  0871               	movf	___lldiv@divisor+1,w
   928  073D  1C03               	skipc
   929  073E  0F71               	incfsz	___lldiv@divisor+1,w
   930  073F  02F5               	subwf	___lldiv@dividend+1,f
   931  0740  0872               	movf	___lldiv@divisor+2,w
   932  0741  1C03               	skipc
   933  0742  0F72               	incfsz	___lldiv@divisor+2,w
   934  0743  02F6               	subwf	___lldiv@dividend+2,f
   935  0744  0873               	movf	___lldiv@divisor+3,w
   936  0745  1C03               	skipc
   937  0746  0F73               	incfsz	___lldiv@divisor+3,w
   938  0747  02F7               	subwf	___lldiv@dividend+3,f
   939  0748                     l810:	
   940  0748  1479               	bsf	___lldiv@quotient,0
   941  0749                     l812:	
   942  0749  3001               	movlw	1
   943  074A                     u175:	
   944  074A  1003               	clrc
   945  074B  0CF3               	rrf	___lldiv@divisor+3,f
   946  074C  0CF2               	rrf	___lldiv@divisor+2,f
   947  074D  0CF1               	rrf	___lldiv@divisor+1,f
   948  074E  0CF0               	rrf	___lldiv@divisor,f
   949  074F  3EFF               	addlw	-1
   950  0750  1D03               	skipz
   951  0751  2F4A               	goto	u175
   952  0752                     l814:	
   953  0752  3001               	movlw	1
   954  0753  02FD               	subwf	___lldiv@counter,f
   955  0754  1D03               	btfss	3,2
   956  0755  2F57               	goto	u181
   957  0756  2F58               	goto	u180
   958  0757                     u181:	
   959  0757  2F1F               	goto	l804
   960  0758                     u180:	
   961  0758                     l816:	
   962  0758  087C               	movf	___lldiv@quotient+3,w
   963  0759  00F3               	movwf	?___lldiv+3
   964  075A  087B               	movf	___lldiv@quotient+2,w
   965  075B  00F2               	movwf	?___lldiv+2
   966  075C  087A               	movf	___lldiv@quotient+1,w
   967  075D  00F1               	movwf	?___lldiv+1
   968  075E  0879               	movf	___lldiv@quotient,w
   969  075F  00F0               	movwf	?___lldiv
   970  0760                     l218:	
   971  0760  0008               	return
   972  0761                     __end_of___lldiv:	
   973                           
   974                           	psect	text4
   975  0662                     __ptext4:	
   976 ;; *************** function _I2C_Master_Write *****************
   977 ;; Defined at:
   978 ;;		line 65 in file "I2C.c"
   979 ;; Parameters:    Size  Location     Type
   980 ;;  d               2    0[COMMON] unsigned int 
   981 ;; Auto vars:     Size  Location     Type
   982 ;;		None
   983 ;; Return value:  Size  Location     Type
   984 ;;                  1    wreg      void 
   985 ;; Registers used:
   986 ;;		wreg, status,2, status,0, pclath, cstack
   987 ;; Tracked objects:
   988 ;;		On entry : 0/0
   989 ;;		On exit  : 0/0
   990 ;;		Unchanged: 0/0
   991 ;; Data sizes:     COMMON   BANK0   BANK1   BANK3   BANK2
   992 ;;      Params:         2       0       0       0       0
   993 ;;      Locals:         0       0       0       0       0
   994 ;;      Temps:          0       0       0       0       0
   995 ;;      Totals:         2       0       0       0       0
   996 ;;Total ram usage:        2 bytes
   997 ;; Hardware stack levels used:    1
   998 ;; Hardware stack levels required when called:    1
   999 ;; This function calls:
  1000 ;;		_I2C_Master_Wait
  1001 ;; This function is called by:
  1002 ;;		_main
  1003 ;; This function uses a non-reentrant model
  1004 ;;
  1005                           
  1006                           
  1007                           ;psect for function _I2C_Master_Write
  1008  0662                     _I2C_Master_Write:	
  1009  0662                     l832:	
  1010                           ;incstack = 0
  1011                           ; Regs used in _I2C_Master_Write: [wreg+status,2+status,0+pclath+cstack]
  1012                           
  1013                           
  1014                           ;I2C.c: 65: void I2C_Master_Write(unsigned d);I2C.c: 66: {;I2C.c: 67:     I2C_Master_Wai
      +                          t();
  1015  0662  120A  118A  266C  120A  118A  	fcall	_I2C_Master_Wait
  1016  0667                     l834:	
  1017                           
  1018                           ;I2C.c: 68:     SSPBUF = d;
  1019  0667  0870               	movf	I2C_Master_Write@d,w
  1020  0668  1283               	bcf	3,5	;RP0=0, select bank0
  1021  0669  1303               	bcf	3,6	;RP1=0, select bank0
  1022  066A  0093               	movwf	19	;volatile
  1023  066B                     l47:	
  1024  066B  0008               	return
  1025  066C                     __end_of_I2C_Master_Write:	
  1026                           
  1027                           	psect	text5
  1028  0659                     __ptext5:	
  1029 ;; *************** function _I2C_Master_Stop *****************
  1030 ;; Defined at:
  1031 ;;		line 55 in file "I2C.c"
  1032 ;; Parameters:    Size  Location     Type
  1033 ;;		None
  1034 ;; Auto vars:     Size  Location     Type
  1035 ;;		None
  1036 ;; Return value:  Size  Location     Type
  1037 ;;                  1    wreg      void 
  1038 ;; Registers used:
  1039 ;;		wreg, status,2, status,0, pclath, cstack
  1040 ;; Tracked objects:
  1041 ;;		On entry : 0/0
  1042 ;;		On exit  : 0/0
  1043 ;;		Unchanged: 0/0
  1044 ;; Data sizes:     COMMON   BANK0   BANK1   BANK3   BANK2
  1045 ;;      Params:         0       0       0       0       0
  1046 ;;      Locals:         0       0       0       0       0
  1047 ;;      Temps:          0       0       0       0       0
  1048 ;;      Totals:         0       0       0       0       0
  1049 ;;Total ram usage:        0 bytes
  1050 ;; Hardware stack levels used:    1
  1051 ;; Hardware stack levels required when called:    1
  1052 ;; This function calls:
  1053 ;;		_I2C_Master_Wait
  1054 ;; This function is called by:
  1055 ;;		_main
  1056 ;; This function uses a non-reentrant model
  1057 ;;
  1058                           
  1059                           
  1060                           ;psect for function _I2C_Master_Stop
  1061  0659                     _I2C_Master_Stop:	
  1062  0659                     l732:	
  1063                           ;incstack = 0
  1064                           ; Regs used in _I2C_Master_Stop: [wreg+status,2+status,0+pclath+cstack]
  1065                           
  1066                           
  1067                           ;I2C.c: 57:     I2C_Master_Wait();
  1068  0659  120A  118A  266C  120A  118A  	fcall	_I2C_Master_Wait
  1069  065E                     l734:	
  1070                           
  1071                           ;I2C.c: 58:     SSPCON2bits.PEN = 1;
  1072  065E  1683               	bsf	3,5	;RP0=1, select bank1
  1073  065F  1303               	bcf	3,6	;RP1=0, select bank1
  1074  0660  1511               	bsf	17,2	;volatile
  1075  0661                     l44:	
  1076  0661  0008               	return
  1077  0662                     __end_of_I2C_Master_Stop:	
  1078                           
  1079                           	psect	text6
  1080  0650                     __ptext6:	
  1081 ;; *************** function _I2C_Master_Start *****************
  1082 ;; Defined at:
  1083 ;;		line 39 in file "I2C.c"
  1084 ;; Parameters:    Size  Location     Type
  1085 ;;		None
  1086 ;; Auto vars:     Size  Location     Type
  1087 ;;		None
  1088 ;; Return value:  Size  Location     Type
  1089 ;;                  1    wreg      void 
  1090 ;; Registers used:
  1091 ;;		wreg, status,2, status,0, pclath, cstack
  1092 ;; Tracked objects:
  1093 ;;		On entry : 0/0
  1094 ;;		On exit  : 0/0
  1095 ;;		Unchanged: 0/0
  1096 ;; Data sizes:     COMMON   BANK0   BANK1   BANK3   BANK2
  1097 ;;      Params:         0       0       0       0       0
  1098 ;;      Locals:         0       0       0       0       0
  1099 ;;      Temps:          0       0       0       0       0
  1100 ;;      Totals:         0       0       0       0       0
  1101 ;;Total ram usage:        0 bytes
  1102 ;; Hardware stack levels used:    1
  1103 ;; Hardware stack levels required when called:    1
  1104 ;; This function calls:
  1105 ;;		_I2C_Master_Wait
  1106 ;; This function is called by:
  1107 ;;		_main
  1108 ;; This function uses a non-reentrant model
  1109 ;;
  1110                           
  1111                           
  1112                           ;psect for function _I2C_Master_Start
  1113  0650                     _I2C_Master_Start:	
  1114  0650                     l728:	
  1115                           ;incstack = 0
  1116                           ; Regs used in _I2C_Master_Start: [wreg+status,2+status,0+pclath+cstack]
  1117                           
  1118                           
  1119                           ;I2C.c: 41:     I2C_Master_Wait();
  1120  0650  120A  118A  266C  120A  118A  	fcall	_I2C_Master_Wait
  1121  0655                     l730:	
  1122                           
  1123                           ;I2C.c: 42:     SSPCON2bits.SEN = 1;
  1124  0655  1683               	bsf	3,5	;RP0=1, select bank1
  1125  0656  1303               	bcf	3,6	;RP1=0, select bank1
  1126  0657  1411               	bsf	17,0	;volatile
  1127  0658                     l38:	
  1128  0658  0008               	return
  1129  0659                     __end_of_I2C_Master_Start:	
  1130                           
  1131                           	psect	text7
  1132  0695                     __ptext7:	
  1133 ;; *************** function _I2C_Master_Read *****************
  1134 ;; Defined at:
  1135 ;;		line 74 in file "I2C.c"
  1136 ;; Parameters:    Size  Location     Type
  1137 ;;  a               2    0[COMMON] unsigned short 
  1138 ;; Auto vars:     Size  Location     Type
  1139 ;;  temp            2    4[COMMON] unsigned short 
  1140 ;; Return value:  Size  Location     Type
  1141 ;;                  2    0[COMMON] unsigned short 
  1142 ;; Registers used:
  1143 ;;		wreg, status,2, status,0, pclath, cstack
  1144 ;; Tracked objects:
  1145 ;;		On entry : 0/0
  1146 ;;		On exit  : 0/0
  1147 ;;		Unchanged: 0/0
  1148 ;; Data sizes:     COMMON   BANK0   BANK1   BANK3   BANK2
  1149 ;;      Params:         2       0       0       0       0
  1150 ;;      Locals:         2       0       0       0       0
  1151 ;;      Temps:          2       0       0       0       0
  1152 ;;      Totals:         6       0       0       0       0
  1153 ;;Total ram usage:        6 bytes
  1154 ;; Hardware stack levels used:    1
  1155 ;; Hardware stack levels required when called:    1
  1156 ;; This function calls:
  1157 ;;		_I2C_Master_Wait
  1158 ;; This function is called by:
  1159 ;;		_main
  1160 ;; This function uses a non-reentrant model
  1161 ;;
  1162                           
  1163                           
  1164                           ;psect for function _I2C_Master_Read
  1165  0695                     _I2C_Master_Read:	
  1166  0695                     l836:	
  1167                           ;incstack = 0
  1168                           ; Regs used in _I2C_Master_Read: [wreg+status,2+status,0+pclath+cstack]
  1169                           
  1170                           
  1171                           ;I2C.c: 74: unsigned short I2C_Master_Read(unsigned short a);I2C.c: 75: {;I2C.c: 76:    
      +                           unsigned short temp;;I2C.c: 77:     I2C_Master_Wait();
  1172  0695  120A  118A  266C  120A  118A  	fcall	_I2C_Master_Wait
  1173  069A                     l838:	
  1174                           
  1175                           ;I2C.c: 78:     SSPCON2bits.RCEN = 1;
  1176  069A  1683               	bsf	3,5	;RP0=1, select bank1
  1177  069B  1303               	bcf	3,6	;RP1=0, select bank1
  1178  069C  1591               	bsf	17,3	;volatile
  1179                           
  1180                           ;I2C.c: 79:     I2C_Master_Wait();
  1181  069D  120A  118A  266C  120A  118A  	fcall	_I2C_Master_Wait
  1182  06A2                     l840:	
  1183                           
  1184                           ;I2C.c: 80:     temp = SSPBUF;
  1185  06A2  1283               	bcf	3,5	;RP0=0, select bank0
  1186  06A3  1303               	bcf	3,6	;RP1=0, select bank0
  1187  06A4  0813               	movf	19,w	;volatile
  1188  06A5  00F2               	movwf	??_I2C_Master_Read
  1189  06A6  01F3               	clrf	??_I2C_Master_Read+1
  1190  06A7  0872               	movf	??_I2C_Master_Read,w
  1191  06A8  00F4               	movwf	I2C_Master_Read@temp
  1192  06A9  0873               	movf	??_I2C_Master_Read+1,w
  1193  06AA  00F5               	movwf	I2C_Master_Read@temp+1
  1194  06AB                     l842:	
  1195                           
  1196                           ;I2C.c: 81:     I2C_Master_Wait();
  1197  06AB  120A  118A  266C  120A  118A  	fcall	_I2C_Master_Wait
  1198  06B0                     l844:	
  1199                           
  1200                           ;I2C.c: 82:     if(a == 1){
  1201  06B0  0370               	decf	I2C_Master_Read@a,w
  1202  06B1  0471               	iorwf	I2C_Master_Read@a+1,w
  1203  06B2  1D03               	btfss	3,2
  1204  06B3  2EB5               	goto	u201
  1205  06B4  2EB6               	goto	u200
  1206  06B5                     u201:	
  1207  06B5  2EBA               	goto	l50
  1208  06B6                     u200:	
  1209  06B6                     l846:	
  1210                           
  1211                           ;I2C.c: 83:         SSPCON2bits.ACKDT = 0;
  1212  06B6  1683               	bsf	3,5	;RP0=1, select bank1
  1213  06B7  1303               	bcf	3,6	;RP1=0, select bank1
  1214  06B8  1291               	bcf	17,5	;volatile
  1215                           
  1216                           ;I2C.c: 84:     }else{
  1217  06B9  2EBD               	goto	l51
  1218  06BA                     l50:	
  1219                           
  1220                           ;I2C.c: 85:         SSPCON2bits.ACKDT = 1;
  1221  06BA  1683               	bsf	3,5	;RP0=1, select bank1
  1222  06BB  1303               	bcf	3,6	;RP1=0, select bank1
  1223  06BC  1691               	bsf	17,5	;volatile
  1224  06BD                     l51:	
  1225                           ;I2C.c: 86:     }
  1226                           
  1227                           
  1228                           ;I2C.c: 87:     SSPCON2bits.ACKEN = 1;
  1229  06BD  1611               	bsf	17,4	;volatile
  1230  06BE                     l848:	
  1231                           
  1232                           ;I2C.c: 88:     return temp;
  1233  06BE  0875               	movf	I2C_Master_Read@temp+1,w
  1234  06BF  00F1               	movwf	?_I2C_Master_Read+1
  1235  06C0  0874               	movf	I2C_Master_Read@temp,w
  1236  06C1  00F0               	movwf	?_I2C_Master_Read
  1237  06C2                     l52:	
  1238  06C2  0008               	return
  1239  06C3                     __end_of_I2C_Master_Read:	
  1240                           
  1241                           	psect	text8
  1242  066C                     __ptext8:	
  1243 ;; *************** function _I2C_Master_Wait *****************
  1244 ;; Defined at:
  1245 ;;		line 32 in file "I2C.c"
  1246 ;; Parameters:    Size  Location     Type
  1247 ;;		None
  1248 ;; Auto vars:     Size  Location     Type
  1249 ;;		None
  1250 ;; Return value:  Size  Location     Type
  1251 ;;                  1    wreg      void 
  1252 ;; Registers used:
  1253 ;;		wreg, status,2
  1254 ;; Tracked objects:
  1255 ;;		On entry : 0/0
  1256 ;;		On exit  : 0/0
  1257 ;;		Unchanged: 0/0
  1258 ;; Data sizes:     COMMON   BANK0   BANK1   BANK3   BANK2
  1259 ;;      Params:         0       0       0       0       0
  1260 ;;      Locals:         0       0       0       0       0
  1261 ;;      Temps:          0       0       0       0       0
  1262 ;;      Totals:         0       0       0       0       0
  1263 ;;Total ram usage:        0 bytes
  1264 ;; Hardware stack levels used:    1
  1265 ;; This function calls:
  1266 ;;		Nothing
  1267 ;; This function is called by:
  1268 ;;		_I2C_Master_Start
  1269 ;;		_I2C_Master_Stop
  1270 ;;		_I2C_Master_Write
  1271 ;;		_I2C_Master_Read
  1272 ;;		_I2C_Master_RepeatedStart
  1273 ;; This function uses a non-reentrant model
  1274 ;;
  1275                           
  1276                           
  1277                           ;psect for function _I2C_Master_Wait
  1278  066C                     _I2C_Master_Wait:	
  1279  066C                     l724:	
  1280                           ;incstack = 0
  1281                           ; Regs used in _I2C_Master_Wait: [wreg+status,2]
  1282                           
  1283  066C                     l32:	
  1284                           ;I2C.c: 34:     while ((SSPSTAT & 0x04) || (SSPCON2 & 0x1F));
  1285                           
  1286  066C  1683               	bsf	3,5	;RP0=1, select bank1
  1287  066D  1303               	bcf	3,6	;RP1=0, select bank1
  1288  066E  1914               	btfsc	20,2	;volatile
  1289  066F  2E71               	goto	u91
  1290  0670  2E72               	goto	u90
  1291  0671                     u91:	
  1292  0671  2E6C               	goto	l32
  1293  0672                     u90:	
  1294  0672                     l726:	
  1295  0672  0811               	movf	17,w	;volatile
  1296  0673  391F               	andlw	31
  1297  0674  1D03               	btfss	3,2
  1298  0675  2E77               	goto	u101
  1299  0676  2E78               	goto	u100
  1300  0677                     u101:	
  1301  0677  2E6C               	goto	l32
  1302  0678                     u100:	
  1303  0678                     l35:	
  1304  0678  0008               	return
  1305  0679                     __end_of_I2C_Master_Wait:	
  1306  007E                     btemp	set	126	;btemp
  1307  007E                     wtemp0	set	126


Data Sizes:
    Strings     0
    Constant    0
    Data        0
    BSS         0
    Persistent  0
    Stack       0

Auto Spaces:
    Space          Size  Autos    Used
    COMMON           14     14      14
    BANK0            80     11      11
    BANK1            80      0       0
    BANK3            96      0       0
    BANK2            96      0       0

Pointer List with Targets:

    None.

Critical Paths under _main in COMMON

    _I2C_Master_Init->___lldiv

Critical Paths under _main in BANK0

    _setup->_I2C_Master_Init

Critical Paths under _main in BANK1

    None.

Critical Paths under _main in BANK3

    None.

Critical Paths under _main in BANK2

    None.

Call Graph Tables:

 ---------------------------------------------------------------------------------
 (Depth) Function   	        Calls       Base Space   Used Autos Params    Refs
 ---------------------------------------------------------------------------------
 (0) _main                                                 3     3      0     935
                                              8 BANK0      3     3      0
                    _I2C_Master_Read
                   _I2C_Master_Start
                    _I2C_Master_Stop
                   _I2C_Master_Write
                              _setup
 ---------------------------------------------------------------------------------
 (1) _setup                                                0     0      0     412
                    _I2C_Master_Init
 ---------------------------------------------------------------------------------
 (2) _I2C_Master_Init                                      8     4      4     412
                                              0 BANK0      8     4      4
                            ___lldiv
 ---------------------------------------------------------------------------------
 (3) ___lldiv                                             14     6      8     314
                                              0 COMMON    14     6      8
 ---------------------------------------------------------------------------------
 (1) _I2C_Master_Write                                     2     0      2     326
                                              0 COMMON     2     0      2
                    _I2C_Master_Wait
 ---------------------------------------------------------------------------------
 (1) _I2C_Master_Stop                                      0     0      0       0
                    _I2C_Master_Wait
 ---------------------------------------------------------------------------------
 (1) _I2C_Master_Start                                     0     0      0       0
                    _I2C_Master_Wait
 ---------------------------------------------------------------------------------
 (1) _I2C_Master_Read                                      6     4      2     197
                                              0 COMMON     6     4      2
                    _I2C_Master_Wait
 ---------------------------------------------------------------------------------
 (2) _I2C_Master_Wait                                      0     0      0       0
 ---------------------------------------------------------------------------------
 Estimated maximum stack depth 3
 ---------------------------------------------------------------------------------

 Call Graph Graphs:

 _main (ROOT)
   _I2C_Master_Read
     _I2C_Master_Wait
   _I2C_Master_Start
     _I2C_Master_Wait
   _I2C_Master_Stop
     _I2C_Master_Wait
   _I2C_Master_Write
     _I2C_Master_Wait
   _setup
     _I2C_Master_Init
       ___lldiv

 Address spaces:
Name               Size   Autos  Total    Cost      Usage
BITCOMMON            E      0       0       0        0.0%
EEDATA             100      0       0       0        0.0%
NULL                 0      0       0       0        0.0%
CODE                 0      0       0       0        0.0%
COMMON               E      E       E       1      100.0%
BITSFR0              0      0       0       1        0.0%
SFR0                 0      0       0       1        0.0%
BITSFR1              0      0       0       2        0.0%
SFR1                 0      0       0       2        0.0%
STACK                0      0       0       2        0.0%
ABS                  0      0       0       3        0.0%
BITBANK0            50      0       0       4        0.0%
BITSFR3              0      0       0       4        0.0%
SFR3                 0      0       0       4        0.0%
BANK0               50      B       B       5       13.8%
BITSFR2              0      0       0       5        0.0%
SFR2                 0      0       0       5        0.0%
BITBANK1            50      0       0       6        0.0%
BANK1               50      0       0       7        0.0%
BITBANK3            60      0       0       8        0.0%
BANK3               60      0       0       9        0.0%
BITBANK2            60      0       0      10        0.0%
BANK2               60      0       0      11        0.0%
DATA                 0      0       0      12        0.0%


Microchip Technology PIC Macro Assembler V2.10 build 88905656 
Symbol Table                                                                                   Fri Feb 21 21:23:43 2020

              __CFG_CP$OFF 0000                         l32 066C                         l50 06BA  
                       l35 0678                         l51 06BD                         l52 06C2  
                       l44 0661                         l29 06FA                         l38 0658  
                       l47 066B                         l90 0766                         l96 0694  
                       u90 0672                         u91 0671                        l218 0760  
                      l800 070E                        l730 0655                        l810 0748  
                      l802 071B                        l724 066C                        l732 0659  
                      l812 0749                        l804 071F                        l820 06C3  
                      l726 0672                        l734 065E                        l814 0752  
                      l806 0728                        l830 06F9                        l822 06C7  
                      l840 06A2                        l728 0650                        l832 0662  
                      l808 073A                        l816 0758                        l824 06CA  
                      l842 06AB                        l834 0667                        l826 06F7  
                      l844 06B0                        l836 0695                        l828 06F8  
                      l852 0679                        l860 0796                        l846 06B6  
                      l838 069A                        l854 0687                        l870 07E3  
                      l862 079B                        l848 06BE                        l872 07F2  
                      l864 07A4                        l856 0761                        l866 07B0  
                      l858 0787                        l796 06FB                        l868 07B5  
                      l798 070B                        _GIE 005F                        u100 0678  
                      u101 0677                        u200 06B6                        u120 070B  
                      u201 06B5                        u121 070A                        u140 071F  
                      u141 071E                        u135 0710                        u160 073A  
                      u161 0739                        u217 078F                        u155 0721  
                      u227 07BD                        u180 0758                        u181 0757  
                      u165 0736                        u237 07EB                        u190 06DA  
                      u175 074A               __CFG_CPD$OFF 0000                        u195 06D5  
             __CFG_LVP$OFF 0000                       _PEIE 005E               __CFG_WRT$OFF 0000  
                     _main 0761                       btemp 007E                       start 0000  
            __CFG_IESO$OFF 0000           ?_I2C_Master_Init 0020           ?_I2C_Master_Read 0070  
         ?_I2C_Master_Wait 0070           ?_I2C_Master_Stop 0070                      ?_main 0070  
            __CFG_WDTE$OFF 0000                      _ANSEL 0188            __end_of___lldiv 0761  
                    _PORTA 0005                      _PORTB 0006                      _PORTD 0008  
                    _TRISA 0085                      _TRISB 0086                      _TRISD 0088  
                    _SSPIE 0463                      _SSPIF 0063             __CFG_FCMEN$OFF 0000  
                    _setup 0679             __CFG_BOREN$OFF 0000                      status 0003  
                    wtemp0 007E             __CFG_MCLRE$OFF 0000            __initialization 07FC  
             __end_of_main 07FC                     ??_main 0028          ?_I2C_Master_Start 0070  
        ?_I2C_Master_Write 0070         ??_I2C_Master_Start 0070         ??_I2C_Master_Write 0072  
                   ?_setup 0070                     _ANSELH 0189                     _SSPADD 0093  
                   _TRISC3 043B                     _TRISC4 043C                     _SSPCON 0014  
                   _SSPBUF 0013             __CFG_PWRTE$OFF 0000                  ??___lldiv 0078  
  __end_of__initialization 07FC             __pcstackCOMMON 0070              __end_of_setup 0695  
                  ??_setup 007E                 __pmaintext 0761                    _SSPCON2 0091  
                  _SSPSTAT 0094                    ___lldiv 06FB                    __ptext1 0679  
                  __ptext2 06C3                    __ptext3 06FB                    __ptext4 0662  
                  __ptext5 0659                    __ptext6 0650                    __ptext7 0695  
                  __ptext8 066C   __size_of_I2C_Master_Init 0038   __size_of_I2C_Master_Read 002E  
 __size_of_I2C_Master_Wait 000D   __size_of_I2C_Master_Stop 0009       end_of_initialization 07FC  
__size_of_I2C_Master_Start 0009  __size_of_I2C_Master_Write 000A            ___lldiv@divisor 0070  
          ___lldiv@counter 007D           I2C_Master_Init@c 0020           I2C_Master_Read@a 0070  
                _TRISCbits 0087        start_initialization 07FC          ??_I2C_Master_Init 0024  
        ??_I2C_Master_Read 0072          ??_I2C_Master_Wait 0070          ??_I2C_Master_Stop 0070  
 __CFG_FOSC$INTRC_NOCLKOUT 0000                  ___latbits 0002              __pcstackBANK0 0020  
         _I2C_Master_Start 0650           _I2C_Master_Write 0662                   ?___lldiv 0070  
           __size_of_setup 001C        I2C_Master_Read@temp 0074           __size_of___lldiv 0066  
          _I2C_Master_Init 06C3            _I2C_Master_Read 0695            _I2C_Master_Wait 066C  
          _I2C_Master_Stop 0659          __CFG_BOR4V$BOR40V 0000              __size_of_main 009B  
 __end_of_I2C_Master_Start 0659   __end_of_I2C_Master_Write 066C           ___lldiv@dividend 0074  
  __end_of_I2C_Master_Init 06FB    __end_of_I2C_Master_Read 06C3    __end_of_I2C_Master_Wait 0679  
  __end_of_I2C_Master_Stop 0662           ___lldiv@quotient 0079          I2C_Master_Write@d 0070  
              _SSPCON2bits 0091  
