

Microchip MPLAB XC8 Assembler V2.10 build 88905656 
                                                                                               Tue Feb 25 17:41:04 2020

Microchip MPLAB XC8 C Compiler v2.10 (Free license) build 20190730164152 Og1 
     1                           	processor	16F887
     2                           	opt	pw 120
     3                           	opt	flic
     4                           	psect	cinit,global,class=CODE,merge=1,delta=2
     5                           	psect	bssCOMMON,global,class=COMMON,space=1,delta=1
     6                           	psect	cstackCOMMON,global,class=COMMON,space=1,delta=1
     7                           	psect	maintext,global,class=CODE,split=1,delta=2
     8                           	psect	text1,local,class=CODE,merge=1,delta=2
     9                           	psect	text2,local,class=CODE,merge=1,delta=2
    10                           	psect	text3,local,class=CODE,merge=1,delta=2
    11                           	psect	text4,local,class=CODE,merge=1,delta=2
    12                           	psect	text5,local,class=CODE,merge=1,delta=2
    13                           	psect	intentry,global,class=CODE,delta=2
    14                           	dabs	1,0x7E,2
    15  0000                     
    16                           ; Version 2.10
    17                           ; Generated 31/07/2019 GMT
    18                           ; 
    19                           ; Copyright © 2019, Microchip Technology Inc. and its subsidiaries ("Microchip")
    20                           ; All rights reserved.
    21                           ; 
    22                           ; This software is developed by Microchip Technology Inc. and its subsidiaries ("Microch
      +                          ip").
    23                           ; 
    24                           ; Redistribution and use in source and binary forms, with or without modification, are
    25                           ; permitted provided that the following conditions are met:
    26                           ; 
    27                           ;     1. Redistributions of source code must retain the above copyright notice, this lis
      +                          t of
    28                           ;        conditions and the following disclaimer.
    29                           ; 
    30                           ;     2. Redistributions in binary form must reproduce the above copyright notice, this 
      +                          list
    31                           ;        of conditions and the following disclaimer in the documentation and/or other
    32                           ;        materials provided with the distribution.
    33                           ; 
    34                           ;     3. Microchip's name may not be used to endorse or promote products derived from th
      +                          is
    35                           ;        software without specific prior written permission.
    36                           ; 
    37                           ; THIS SOFTWARE IS PROVIDED BY MICROCHIP "AS IS" AND ANY EXPRESS OR IMPLIED WARRANTIES,
    38                           ; INCLUDING, BUT NOT LIMITED TO, THE IMPLIED WARRANTIES OF MERCHANTABILITY AND FITNESS F
      +                          OR
    39                           ; PURPOSE ARE DISCLAIMED.  IN NO EVENT SHALL MICROCHIP BE LIABLE FOR ANY DIRECT, INDIREC
      +                          T,
    40                           ; INCIDENTAL, SPECIAL, EXEMPLARY, OR CONSEQUENTIAL DAMAGES (INCLUDING BUT NOT LIMITED TO
    41                           ; PROCUREMENT OF SUBSTITUTE GOODS OR SERVICES; LOSS OF USE, DATA OR PROFITS; OR BUSINESS
    42                           ; INTERRUPTION) HOWSOEVER CAUSED AND ON ANY THEORY OF LIABILITY, WHETHER IN CONTRACT, ST
      +                          RICT
    43                           ; LIABILITY, OR TORT (INCLUDING NEGLIGENCE OR OTHERWISE) ARISING IN ANY WAY OUT OF THE U
      +                          SE OF
    44                           ; THIS SOFTWARE, EVEN IF ADVISED OF THE POSSIBILITY OF SUCH DAMAGE.
    45                           ; 
    46                           ; 
    47                           ; Code-generator required, PIC16F887 Definitions
    48                           ; 
    49                           ; SFR Addresses
    50  0000                     	;# 
    51  0001                     	;# 
    52  0002                     	;# 
    53  0003                     	;# 
    54  0004                     	;# 
    55  0005                     	;# 
    56  0006                     	;# 
    57  0007                     	;# 
    58  0008                     	;# 
    59  0009                     	;# 
    60  000A                     	;# 
    61  000B                     	;# 
    62  000C                     	;# 
    63  000D                     	;# 
    64  000E                     	;# 
    65  000E                     	;# 
    66  000F                     	;# 
    67  0010                     	;# 
    68  0011                     	;# 
    69  0012                     	;# 
    70  0013                     	;# 
    71  0014                     	;# 
    72  0015                     	;# 
    73  0015                     	;# 
    74  0016                     	;# 
    75  0017                     	;# 
    76  0018                     	;# 
    77  0019                     	;# 
    78  001A                     	;# 
    79  001B                     	;# 
    80  001B                     	;# 
    81  001C                     	;# 
    82  001D                     	;# 
    83  001E                     	;# 
    84  001F                     	;# 
    85  0081                     	;# 
    86  0085                     	;# 
    87  0086                     	;# 
    88  0087                     	;# 
    89  0088                     	;# 
    90  0089                     	;# 
    91  008C                     	;# 
    92  008D                     	;# 
    93  008E                     	;# 
    94  008F                     	;# 
    95  0090                     	;# 
    96  0091                     	;# 
    97  0092                     	;# 
    98  0093                     	;# 
    99  0093                     	;# 
   100  0093                     	;# 
   101  0094                     	;# 
   102  0095                     	;# 
   103  0096                     	;# 
   104  0097                     	;# 
   105  0098                     	;# 
   106  0099                     	;# 
   107  009A                     	;# 
   108  009B                     	;# 
   109  009C                     	;# 
   110  009D                     	;# 
   111  009E                     	;# 
   112  009F                     	;# 
   113  0105                     	;# 
   114  0107                     	;# 
   115  0108                     	;# 
   116  0109                     	;# 
   117  010C                     	;# 
   118  010C                     	;# 
   119  010D                     	;# 
   120  010E                     	;# 
   121  010F                     	;# 
   122  0185                     	;# 
   123  0187                     	;# 
   124  0188                     	;# 
   125  0189                     	;# 
   126  018C                     	;# 
   127  018D                     	;# 
   128  0000                     	;# 
   129  0001                     	;# 
   130  0002                     	;# 
   131  0003                     	;# 
   132  0004                     	;# 
   133  0005                     	;# 
   134  0006                     	;# 
   135  0007                     	;# 
   136  0008                     	;# 
   137  0009                     	;# 
   138  000A                     	;# 
   139  000B                     	;# 
   140  000C                     	;# 
   141  000D                     	;# 
   142  000E                     	;# 
   143  000E                     	;# 
   144  000F                     	;# 
   145  0010                     	;# 
   146  0011                     	;# 
   147  0012                     	;# 
   148  0013                     	;# 
   149  0014                     	;# 
   150  0015                     	;# 
   151  0015                     	;# 
   152  0016                     	;# 
   153  0017                     	;# 
   154  0018                     	;# 
   155  0019                     	;# 
   156  001A                     	;# 
   157  001B                     	;# 
   158  001B                     	;# 
   159  001C                     	;# 
   160  001D                     	;# 
   161  001E                     	;# 
   162  001F                     	;# 
   163  0081                     	;# 
   164  0085                     	;# 
   165  0086                     	;# 
   166  0087                     	;# 
   167  0088                     	;# 
   168  0089                     	;# 
   169  008C                     	;# 
   170  008D                     	;# 
   171  008E                     	;# 
   172  008F                     	;# 
   173  0090                     	;# 
   174  0091                     	;# 
   175  0092                     	;# 
   176  0093                     	;# 
   177  0093                     	;# 
   178  0093                     	;# 
   179  0094                     	;# 
   180  0095                     	;# 
   181  0096                     	;# 
   182  0097                     	;# 
   183  0098                     	;# 
   184  0099                     	;# 
   185  009A                     	;# 
   186  009B                     	;# 
   187  009C                     	;# 
   188  009D                     	;# 
   189  009E                     	;# 
   190  009F                     	;# 
   191  0105                     	;# 
   192  0107                     	;# 
   193  0108                     	;# 
   194  0109                     	;# 
   195  010C                     	;# 
   196  010C                     	;# 
   197  010D                     	;# 
   198  010E                     	;# 
   199  010F                     	;# 
   200  0185                     	;# 
   201  0187                     	;# 
   202  0188                     	;# 
   203  0189                     	;# 
   204  018C                     	;# 
   205  018D                     	;# 
   206  0000                     	;# 
   207  0001                     	;# 
   208  0002                     	;# 
   209  0003                     	;# 
   210  0004                     	;# 
   211  0005                     	;# 
   212  0006                     	;# 
   213  0007                     	;# 
   214  0008                     	;# 
   215  0009                     	;# 
   216  000A                     	;# 
   217  000B                     	;# 
   218  000C                     	;# 
   219  000D                     	;# 
   220  000E                     	;# 
   221  000E                     	;# 
   222  000F                     	;# 
   223  0010                     	;# 
   224  0011                     	;# 
   225  0012                     	;# 
   226  0013                     	;# 
   227  0014                     	;# 
   228  0015                     	;# 
   229  0015                     	;# 
   230  0016                     	;# 
   231  0017                     	;# 
   232  0018                     	;# 
   233  0019                     	;# 
   234  001A                     	;# 
   235  001B                     	;# 
   236  001B                     	;# 
   237  001C                     	;# 
   238  001D                     	;# 
   239  001E                     	;# 
   240  001F                     	;# 
   241  0081                     	;# 
   242  0085                     	;# 
   243  0086                     	;# 
   244  0087                     	;# 
   245  0088                     	;# 
   246  0089                     	;# 
   247  008C                     	;# 
   248  008D                     	;# 
   249  008E                     	;# 
   250  008F                     	;# 
   251  0090                     	;# 
   252  0091                     	;# 
   253  0092                     	;# 
   254  0093                     	;# 
   255  0093                     	;# 
   256  0093                     	;# 
   257  0094                     	;# 
   258  0095                     	;# 
   259  0096                     	;# 
   260  0097                     	;# 
   261  0098                     	;# 
   262  0099                     	;# 
   263  009A                     	;# 
   264  009B                     	;# 
   265  009C                     	;# 
   266  009D                     	;# 
   267  009E                     	;# 
   268  009F                     	;# 
   269  0105                     	;# 
   270  0107                     	;# 
   271  0108                     	;# 
   272  0109                     	;# 
   273  010C                     	;# 
   274  010C                     	;# 
   275  010D                     	;# 
   276  010E                     	;# 
   277  010F                     	;# 
   278  0185                     	;# 
   279  0187                     	;# 
   280  0188                     	;# 
   281  0189                     	;# 
   282  018C                     	;# 
   283  018D                     	;# 
   284  0000                     	;# 
   285  0001                     	;# 
   286  0002                     	;# 
   287  0003                     	;# 
   288  0004                     	;# 
   289  0005                     	;# 
   290  0006                     	;# 
   291  0007                     	;# 
   292  0008                     	;# 
   293  0009                     	;# 
   294  000A                     	;# 
   295  000B                     	;# 
   296  000C                     	;# 
   297  000D                     	;# 
   298  000E                     	;# 
   299  000E                     	;# 
   300  000F                     	;# 
   301  0010                     	;# 
   302  0011                     	;# 
   303  0012                     	;# 
   304  0013                     	;# 
   305  0014                     	;# 
   306  0015                     	;# 
   307  0015                     	;# 
   308  0016                     	;# 
   309  0017                     	;# 
   310  0018                     	;# 
   311  0019                     	;# 
   312  001A                     	;# 
   313  001B                     	;# 
   314  001B                     	;# 
   315  001C                     	;# 
   316  001D                     	;# 
   317  001E                     	;# 
   318  001F                     	;# 
   319  0081                     	;# 
   320  0085                     	;# 
   321  0086                     	;# 
   322  0087                     	;# 
   323  0088                     	;# 
   324  0089                     	;# 
   325  008C                     	;# 
   326  008D                     	;# 
   327  008E                     	;# 
   328  008F                     	;# 
   329  0090                     	;# 
   330  0091                     	;# 
   331  0092                     	;# 
   332  0093                     	;# 
   333  0093                     	;# 
   334  0093                     	;# 
   335  0094                     	;# 
   336  0095                     	;# 
   337  0096                     	;# 
   338  0097                     	;# 
   339  0098                     	;# 
   340  0099                     	;# 
   341  009A                     	;# 
   342  009B                     	;# 
   343  009C                     	;# 
   344  009D                     	;# 
   345  009E                     	;# 
   346  009F                     	;# 
   347  0105                     	;# 
   348  0107                     	;# 
   349  0108                     	;# 
   350  0109                     	;# 
   351  010C                     	;# 
   352  010C                     	;# 
   353  010D                     	;# 
   354  010E                     	;# 
   355  010F                     	;# 
   356  0185                     	;# 
   357  0187                     	;# 
   358  0188                     	;# 
   359  0189                     	;# 
   360  018C                     	;# 
   361  018D                     	;# 
   362  001F                     _ADCON0bits	set	31
   363  001E                     _ADRESH	set	30
   364  000B                     _INTCONbits	set	11
   365  0008                     _PORTD	set	8
   366  0014                     _SSPCONbits	set	20
   367  000C                     _PIR1bits	set	12
   368  0013                     _SSPBUF	set	19
   369  0014                     _SSPCON	set	20
   370  0063                     _SSPIF	set	99
   371  005E                     _PEIE	set	94
   372  005F                     _GIE	set	95
   373  009F                     _ADCON1bits	set	159
   374  008C                     _PIE1bits	set	140
   375  0089                     _TRISEbits	set	137
   376  0089                     _TRISE	set	137
   377  0094                     _SSPSTATbits	set	148
   378  0091                     _SSPCON2bits	set	145
   379  0087                     _TRISCbits	set	135
   380  0094                     _SSPSTAT	set	148
   381  0093                     _SSPADD	set	147
   382  0091                     _SSPCON2	set	145
   383  04A0                     _BF	set	1184
   384  0463                     _SSPIE	set	1123
   385  043C                     _TRISC4	set	1084
   386  043B                     _TRISC3	set	1083
   387  0188                     _ANSELbits	set	392
   388  0189                     _ANSELH	set	393
   389  0188                     _ANSEL	set	392
   390                           
   391                           ; #config settings
   392  0000                     
   393                           	psect	cinit
   394  000F                     start_initialization:	
   395  000F                     __initialization:	
   396                           
   397                           ; Clear objects allocated to COMMON
   398  000F  01F7               	clrf	__pbssCOMMON& (0+127)
   399  0010  01F8               	clrf	(__pbssCOMMON+1)& (0+127)
   400  0011                     end_of_initialization:	
   401                           ;End of C runtime variable initialization code
   402                           
   403  0011                     __end_of__initialization:	
   404  0011  0183               	clrf	3
   405  0012  120A  118A  28EB   	ljmp	_main	;jump to C main() function
   406                           
   407                           	psect	bssCOMMON
   408  0077                     __pbssCOMMON:	
   409  0077                     _dato:	
   410  0077                     	ds	1
   411  0078                     _z:	
   412  0078                     	ds	1
   413                           
   414                           	psect	cstackCOMMON
   415  0070                     __pcstackCOMMON:	
   416  0070                     ?_setup:	
   417  0070                     ?_ADC_init:	
   418                           ; 1 bytes @ 0x0
   419                           
   420  0070                     ?_ADC_conf:	
   421                           ; 1 bytes @ 0x0
   422                           
   423  0070                     ?_I2C_Slave_Init:	
   424                           ; 1 bytes @ 0x0
   425                           
   426  0070                     ?_isr:	
   427                           ; 1 bytes @ 0x0
   428                           
   429  0070                     ??_isr:	
   430                           ; 1 bytes @ 0x0
   431                           
   432  0070                     ?_main:	
   433                           ; 1 bytes @ 0x0
   434                           
   435                           
   436                           ; 1 bytes @ 0x0
   437  0070                     	ds	3
   438  0073                     ??_ADC_init:	
   439  0073                     ??_ADC_conf:	
   440                           ; 1 bytes @ 0x3
   441                           
   442  0073                     ??_I2C_Slave_Init:	
   443                           ; 1 bytes @ 0x3
   444                           
   445  0073                     I2C_Slave_Init@address:	
   446                           ; 1 bytes @ 0x3
   447                           
   448                           
   449                           ; 1 bytes @ 0x3
   450  0073                     	ds	2
   451  0075                     ADC_conf@ADCNum:	
   452                           
   453                           ; 1 bytes @ 0x5
   454  0075                     	ds	1
   455  0076                     ??_setup:	
   456  0076                     ??_main:	
   457                           ; 1 bytes @ 0x6
   458                           
   459                           
   460                           ; 1 bytes @ 0x6
   461  0076                     	ds	1
   462                           
   463                           	psect	maintext
   464  00EB                     __pmaintext:	
   465 ;;
   466 ;;Main: autosize = 0, tempsize = 1, incstack = 0, save=0
   467 ;;
   468 ;; *************** function _main *****************
   469 ;; Defined at:
   470 ;;		line 92 in file "main_S2.c"
   471 ;; Parameters:    Size  Location     Type
   472 ;;		None
   473 ;; Auto vars:     Size  Location     Type
   474 ;;		None
   475 ;; Return value:  Size  Location     Type
   476 ;;                  1    wreg      void 
   477 ;; Registers used:
   478 ;;		wreg, fsr0l, fsr0h, status,2, status,0, pclath, cstack
   479 ;; Tracked objects:
   480 ;;		On entry : B00/0
   481 ;;		On exit  : 0/0
   482 ;;		Unchanged: 0/0
   483 ;; Data sizes:     COMMON   BANK0   BANK1   BANK3   BANK2
   484 ;;      Params:         0       0       0       0       0
   485 ;;      Locals:         0       0       0       0       0
   486 ;;      Temps:          1       0       0       0       0
   487 ;;      Totals:         1       0       0       0       0
   488 ;;Total ram usage:        1 bytes
   489 ;; Hardware stack levels required when called:    3
   490 ;; This function calls:
   491 ;;		_setup
   492 ;; This function is called by:
   493 ;;		Startup code after reset
   494 ;; This function uses a non-reentrant model
   495 ;;
   496                           
   497                           
   498                           ;psect for function _main
   499  00EB                     _main:	
   500  00EB                     l875:	
   501                           ;incstack = 0
   502                           ; Regs used in _main: [wreg-fsr0h+status,2+status,0+pclath+cstack]
   503                           
   504                           
   505                           ;main_S2.c: 93:     setup();
   506  00EB  120A  118A  20A0  120A  118A  	fcall	_setup
   507  00F0                     l877:	
   508                           
   509                           ;main_S2.c: 98:         dato = ADRESH;
   510  00F0  1283               	bcf	3,5	;RP0=0, select bank0
   511  00F1  1303               	bcf	3,6	;RP1=0, select bank0
   512  00F2  081E               	movf	30,w	;volatile
   513  00F3  00F6               	movwf	??_main
   514  00F4  0876               	movf	??_main,w
   515  00F5  00F7               	movwf	_dato
   516  00F6                     l879:	
   517                           
   518                           ;main_S2.c: 99:         ADCON0bits.GO_DONE=1;
   519  00F6  149F               	bsf	31,1	;volatile
   520  00F7  28F0               	goto	l877
   521  00F8  120A  118A  280C   	ljmp	start
   522  00FB                     __end_of_main:	
   523                           
   524                           	psect	text1
   525  00A0                     __ptext1:	
   526 ;; *************** function _setup *****************
   527 ;; Defined at:
   528 ;;		line 106 in file "main_S2.c"
   529 ;; Parameters:    Size  Location     Type
   530 ;;		None
   531 ;; Auto vars:     Size  Location     Type
   532 ;;		None
   533 ;; Return value:  Size  Location     Type
   534 ;;                  1    wreg      void 
   535 ;; Registers used:
   536 ;;		wreg, fsr0l, fsr0h, status,2, status,0, pclath, cstack
   537 ;; Tracked objects:
   538 ;;		On entry : 0/0
   539 ;;		On exit  : 0/0
   540 ;;		Unchanged: 0/0
   541 ;; Data sizes:     COMMON   BANK0   BANK1   BANK3   BANK2
   542 ;;      Params:         0       0       0       0       0
   543 ;;      Locals:         0       0       0       0       0
   544 ;;      Temps:          0       0       0       0       0
   545 ;;      Totals:         0       0       0       0       0
   546 ;;Total ram usage:        0 bytes
   547 ;; Hardware stack levels used:    1
   548 ;; Hardware stack levels required when called:    2
   549 ;; This function calls:
   550 ;;		_ADC_conf
   551 ;;		_ADC_init
   552 ;;		_I2C_Slave_Init
   553 ;; This function is called by:
   554 ;;		_main
   555 ;; This function uses a non-reentrant model
   556 ;;
   557                           
   558                           
   559                           ;psect for function _setup
   560  00A0                     _setup:	
   561  00A0                     l789:	
   562                           ;incstack = 0
   563                           ; Regs used in _setup: [wreg-fsr0h+status,2+status,0+pclath+cstack]
   564                           
   565                           
   566                           ;main_S2.c: 107:     ANSEL = 0;
   567  00A0  1683               	bsf	3,5	;RP0=1, select bank3
   568  00A1  1703               	bsf	3,6	;RP1=1, select bank3
   569  00A2  0188               	clrf	8	;volatile
   570                           
   571                           ;main_S2.c: 108:     ANSELH = 0;
   572  00A3  0189               	clrf	9	;volatile
   573                           
   574                           ;main_S2.c: 110:     TRISE = 0;
   575  00A4  1683               	bsf	3,5	;RP0=1, select bank1
   576  00A5  1303               	bcf	3,6	;RP1=0, select bank1
   577  00A6  0189               	clrf	9	;volatile
   578  00A7                     l791:	
   579                           
   580                           ;main_S2.c: 111:     TRISEbits.TRISE0 = 1;
   581  00A7  1409               	bsf	9,0	;volatile
   582  00A8                     l793:	
   583                           
   584                           ;main_S2.c: 113:     ADC_init();
   585  00A8  120A  118A  20D4  120A  118A  	fcall	_ADC_init
   586  00AD                     l795:	
   587                           
   588                           ;main_S2.c: 114:     ADC_conf(0);
   589  00AD  3000               	movlw	0
   590  00AE  120A  118A  207C  120A  118A  	fcall	_ADC_conf
   591  00B3                     l797:	
   592                           
   593                           ;main_S2.c: 115:     I2C_Slave_Init(0x30);
   594  00B3  3030               	movlw	48
   595  00B4  120A  118A  20BA  120A  118A  	fcall	_I2C_Slave_Init
   596  00B9                     l125:	
   597  00B9  0008               	return
   598  00BA                     __end_of_setup:	
   599                           
   600                           	psect	text2
   601  00BA                     __ptext2:	
   602 ;; *************** function _I2C_Slave_Init *****************
   603 ;; Defined at:
   604 ;;		line 93 in file "I2C.c"
   605 ;; Parameters:    Size  Location     Type
   606 ;;  address         1    wreg     unsigned char 
   607 ;; Auto vars:     Size  Location     Type
   608 ;;  address         1    3[COMMON] unsigned char 
   609 ;; Return value:  Size  Location     Type
   610 ;;                  1    wreg      void 
   611 ;; Registers used:
   612 ;;		wreg
   613 ;; Tracked objects:
   614 ;;		On entry : 0/0
   615 ;;		On exit  : 0/0
   616 ;;		Unchanged: 0/0
   617 ;; Data sizes:     COMMON   BANK0   BANK1   BANK3   BANK2
   618 ;;      Params:         0       0       0       0       0
   619 ;;      Locals:         1       0       0       0       0
   620 ;;      Temps:          0       0       0       0       0
   621 ;;      Totals:         1       0       0       0       0
   622 ;;Total ram usage:        1 bytes
   623 ;; Hardware stack levels used:    1
   624 ;; Hardware stack levels required when called:    1
   625 ;; This function calls:
   626 ;;		Nothing
   627 ;; This function is called by:
   628 ;;		_setup
   629 ;; This function uses a non-reentrant model
   630 ;;
   631                           
   632                           
   633                           ;psect for function _I2C_Slave_Init
   634  00BA                     _I2C_Slave_Init:	
   635                           
   636                           ;incstack = 0
   637                           ; Regs used in _I2C_Slave_Init: [wreg]
   638                           ;I2C_Slave_Init@address stored from wreg
   639  00BA  00F3               	movwf	I2C_Slave_Init@address
   640  00BB                     l739:	
   641                           
   642                           ;I2C.c: 93: void I2C_Slave_Init(uint8_t address);I2C.c: 94: {;I2C.c: 95:     SSPADD = ad
      +                          dress;
   643  00BB  0873               	movf	I2C_Slave_Init@address,w
   644  00BC  1683               	bsf	3,5	;RP0=1, select bank1
   645  00BD  1303               	bcf	3,6	;RP1=0, select bank1
   646  00BE  0093               	movwf	19	;volatile
   647                           
   648                           ;I2C.c: 96:     SSPCON = 0x36;
   649  00BF  3036               	movlw	54
   650  00C0  1283               	bcf	3,5	;RP0=0, select bank0
   651  00C1  1303               	bcf	3,6	;RP1=0, select bank0
   652  00C2  0094               	movwf	20	;volatile
   653                           
   654                           ;I2C.c: 97:     SSPSTAT = 0x80;
   655  00C3  3080               	movlw	128
   656  00C4  1683               	bsf	3,5	;RP0=1, select bank1
   657  00C5  1303               	bcf	3,6	;RP1=0, select bank1
   658  00C6  0094               	movwf	20	;volatile
   659                           
   660                           ;I2C.c: 98:     SSPCON2 = 0x01;
   661  00C7  3001               	movlw	1
   662  00C8  0091               	movwf	17	;volatile
   663  00C9                     l741:	
   664                           
   665                           ;I2C.c: 99:     TRISC3 = 1;
   666  00C9  1587               	bsf	7,3	;volatile
   667  00CA                     l743:	
   668                           
   669                           ;I2C.c: 100:     TRISC4 = 1;
   670  00CA  1607               	bsf	7,4	;volatile
   671  00CB                     l745:	
   672                           
   673                           ;I2C.c: 101:     GIE = 1;
   674  00CB  178B               	bsf	11,7	;volatile
   675  00CC                     l747:	
   676                           
   677                           ;I2C.c: 102:     PEIE = 1;
   678  00CC  170B               	bsf	11,6	;volatile
   679  00CD                     l749:	
   680                           
   681                           ;I2C.c: 103:     SSPIF = 0;
   682  00CD  1283               	bcf	3,5	;RP0=0, select bank0
   683  00CE  1303               	bcf	3,6	;RP1=0, select bank0
   684  00CF  118C               	bcf	12,3	;volatile
   685  00D0                     l751:	
   686                           
   687                           ;I2C.c: 104:     SSPIE = 1;
   688  00D0  1683               	bsf	3,5	;RP0=1, select bank1
   689  00D1  1303               	bcf	3,6	;RP1=0, select bank1
   690  00D2  158C               	bsf	12,3	;volatile
   691  00D3                     l55:	
   692  00D3  0008               	return
   693  00D4                     __end_of_I2C_Slave_Init:	
   694                           
   695                           	psect	text3
   696  00D4                     __ptext3:	
   697 ;; *************** function _ADC_init *****************
   698 ;; Defined at:
   699 ;;		line 38 in file "ADC.c"
   700 ;; Parameters:    Size  Location     Type
   701 ;;		None
   702 ;; Auto vars:     Size  Location     Type
   703 ;;		None
   704 ;; Return value:  Size  Location     Type
   705 ;;                  1    wreg      void 
   706 ;; Registers used:
   707 ;;		wreg, status,2, status,0
   708 ;; Tracked objects:
   709 ;;		On entry : 0/0
   710 ;;		On exit  : 0/0
   711 ;;		Unchanged: 0/0
   712 ;; Data sizes:     COMMON   BANK0   BANK1   BANK3   BANK2
   713 ;;      Params:         0       0       0       0       0
   714 ;;      Locals:         0       0       0       0       0
   715 ;;      Temps:          0       0       0       0       0
   716 ;;      Totals:         0       0       0       0       0
   717 ;;Total ram usage:        0 bytes
   718 ;; Hardware stack levels used:    1
   719 ;; Hardware stack levels required when called:    1
   720 ;; This function calls:
   721 ;;		Nothing
   722 ;; This function is called by:
   723 ;;		_setup
   724 ;; This function uses a non-reentrant model
   725 ;;
   726                           
   727                           
   728                           ;psect for function _ADC_init
   729  00D4                     _ADC_init:	
   730  00D4                     l753:	
   731                           ;incstack = 0
   732                           ; Regs used in _ADC_init: [wreg+status,2+status,0]
   733                           
   734                           
   735                           ;ADC.c: 40:     ANSEL = 0;
   736  00D4  1683               	bsf	3,5	;RP0=1, select bank3
   737  00D5  1703               	bsf	3,6	;RP1=1, select bank3
   738  00D6  0188               	clrf	8	;volatile
   739  00D7                     l755:	
   740                           
   741                           ;ADC.c: 41:     ANSELbits.ANS5 =1;
   742  00D7  1688               	bsf	8,5	;volatile
   743  00D8                     l757:	
   744                           
   745                           ;ADC.c: 42:     ANSELbits.ANS6 =1;
   746  00D8  1708               	bsf	8,6	;volatile
   747  00D9                     l759:	
   748                           
   749                           ;ADC.c: 44:     PIE1bits.ADIE=1;
   750  00D9  1683               	bsf	3,5	;RP0=1, select bank1
   751  00DA  1303               	bcf	3,6	;RP1=0, select bank1
   752  00DB  170C               	bsf	12,6	;volatile
   753  00DC                     l761:	
   754                           
   755                           ;ADC.c: 45:     PIR1bits.ADIF=1;
   756  00DC  1283               	bcf	3,5	;RP0=0, select bank0
   757  00DD  1303               	bcf	3,6	;RP1=0, select bank0
   758  00DE  170C               	bsf	12,6	;volatile
   759  00DF                     l763:	
   760                           
   761                           ;ADC.c: 47:     ADCON0bits.ADCS=01;
   762  00DF  081F               	movf	31,w	;volatile
   763  00E0  393F               	andlw	-193
   764  00E1  3840               	iorlw	64
   765  00E2  009F               	movwf	31	;volatile
   766  00E3                     l765:	
   767                           
   768                           ;ADC.c: 48:     ADCON0bits.GO_nDONE=0;
   769  00E3  109F               	bcf	31,1	;volatile
   770  00E4                     l767:	
   771                           
   772                           ;ADC.c: 50:     ADCON0bits.ADON=1;
   773  00E4  141F               	bsf	31,0	;volatile
   774  00E5                     l769:	
   775                           
   776                           ;ADC.c: 52:     ADCON1bits.ADFM=0;
   777  00E5  1683               	bsf	3,5	;RP0=1, select bank1
   778  00E6  1303               	bcf	3,6	;RP1=0, select bank1
   779  00E7  139F               	bcf	31,7	;volatile
   780  00E8                     l771:	
   781                           
   782                           ;ADC.c: 54:     ADCON1bits.VCFG0=0;
   783  00E8  121F               	bcf	31,4	;volatile
   784  00E9                     l773:	
   785                           
   786                           ;ADC.c: 55:     ADCON1bits.VCFG1=0;
   787  00E9  129F               	bcf	31,5	;volatile
   788  00EA                     l147:	
   789  00EA  0008               	return
   790  00EB                     __end_of_ADC_init:	
   791                           
   792                           	psect	text4
   793  007C                     __ptext4:	
   794 ;; *************** function _ADC_conf *****************
   795 ;; Defined at:
   796 ;;		line 14 in file "ADC.c"
   797 ;; Parameters:    Size  Location     Type
   798 ;;  ADCNum          1    wreg     unsigned char 
   799 ;; Auto vars:     Size  Location     Type
   800 ;;  ADCNum          1    5[COMMON] unsigned char 
   801 ;; Return value:  Size  Location     Type
   802 ;;                  1    wreg      void 
   803 ;; Registers used:
   804 ;;		wreg, fsr0l, fsr0h, status,2, status,0
   805 ;; Tracked objects:
   806 ;;		On entry : 0/0
   807 ;;		On exit  : 0/0
   808 ;;		Unchanged: 0/0
   809 ;; Data sizes:     COMMON   BANK0   BANK1   BANK3   BANK2
   810 ;;      Params:         0       0       0       0       0
   811 ;;      Locals:         1       0       0       0       0
   812 ;;      Temps:          2       0       0       0       0
   813 ;;      Totals:         3       0       0       0       0
   814 ;;Total ram usage:        3 bytes
   815 ;; Hardware stack levels used:    1
   816 ;; Hardware stack levels required when called:    1
   817 ;; This function calls:
   818 ;;		Nothing
   819 ;; This function is called by:
   820 ;;		_setup
   821 ;; This function uses a non-reentrant model
   822 ;;
   823                           
   824                           
   825                           ;psect for function _ADC_conf
   826  007C                     _ADC_conf:	
   827                           
   828                           ;incstack = 0
   829                           ; Regs used in _ADC_conf: [wreg-fsr0h+status,2+status,0]
   830                           ;ADC_conf@ADCNum stored from wreg
   831  007C  00F5               	movwf	ADC_conf@ADCNum
   832  007D                     l775:	
   833                           
   834                           ;ADC.c: 15:     switch(ADCNum){
   835  007D  288C               	goto	l779
   836  007E                     l141:	
   837                           ;ADC.c: 16:         case 0:
   838                           
   839                           
   840                           ;ADC.c: 19:         ADCON0bits.CHS3=0;
   841  007E  1283               	bcf	3,5	;RP0=0, select bank0
   842  007F  1303               	bcf	3,6	;RP1=0, select bank0
   843  0080  129F               	bcf	31,5	;volatile
   844                           
   845                           ;ADC.c: 20:         ADCON0bits.CHS2=1;
   846  0081  161F               	bsf	31,4	;volatile
   847                           
   848                           ;ADC.c: 21:         ADCON0bits.CHS1=0;
   849  0082  119F               	bcf	31,3	;volatile
   850                           
   851                           ;ADC.c: 22:         ADCON0bits.CHS0=1;
   852  0083  151F               	bsf	31,2	;volatile
   853                           
   854                           ;ADC.c: 23:         break;
   855  0084  289C               	goto	l142
   856  0085                     l143:	
   857                           ;ADC.c: 25:         case 1:
   858                           
   859                           
   860                           ;ADC.c: 28:         ADCON0bits.CHS3=0;
   861  0085  1283               	bcf	3,5	;RP0=0, select bank0
   862  0086  1303               	bcf	3,6	;RP1=0, select bank0
   863  0087  129F               	bcf	31,5	;volatile
   864                           
   865                           ;ADC.c: 29:         ADCON0bits.CHS2=1;
   866  0088  161F               	bsf	31,4	;volatile
   867                           
   868                           ;ADC.c: 30:         ADCON0bits.CHS1=1;
   869  0089  159F               	bsf	31,3	;volatile
   870                           
   871                           ;ADC.c: 31:         ADCON0bits.CHS0=0;
   872  008A  111F               	bcf	31,2	;volatile
   873                           
   874                           ;ADC.c: 32:         break;
   875  008B  289C               	goto	l142
   876  008C                     l779:	
   877  008C  0875               	movf	ADC_conf@ADCNum,w
   878  008D  00F3               	movwf	??_ADC_conf
   879  008E  01F4               	clrf	??_ADC_conf+1
   880                           
   881                           ; Switch on 2 bytes has been partitioned into a top level switch of size 1, and 1 sub-sw
      +                          itches
   882                           ; Switch size 1, requested type "simple"
   883                           ; Number of cases is 1, Range of values is 0 to 0
   884                           ; switch strategies available:
   885                           ; Name         Instructions Cycles
   886                           ; simple_byte            4     3 (average)
   887                           ; direct_byte           11     8 (fixed)
   888                           ; jumptable            260     6 (fixed)
   889                           ;	Chosen strategy is simple_byte
   890  008F  0874               	movf	??_ADC_conf+1,w
   891  0090  3A00               	xorlw	0	; case 0
   892  0091  1903               	skipnz
   893  0092  2894               	goto	l901
   894  0093  289C               	goto	l142
   895  0094                     l901:	
   896                           
   897                           ; Switch size 1, requested type "simple"
   898                           ; Number of cases is 2, Range of values is 0 to 1
   899                           ; switch strategies available:
   900                           ; Name         Instructions Cycles
   901                           ; simple_byte            7     4 (average)
   902                           ; direct_byte           14     8 (fixed)
   903                           ; jumptable            260     6 (fixed)
   904                           ;	Chosen strategy is simple_byte
   905  0094  0873               	movf	??_ADC_conf,w
   906  0095  3A00               	xorlw	0	; case 0
   907  0096  1903               	skipnz
   908  0097  287E               	goto	l141
   909  0098  3A01               	xorlw	1	; case 1
   910  0099  1903               	skipnz
   911  009A  2885               	goto	l143
   912  009B  289C               	goto	l142
   913  009C                     l142:	
   914                           
   915                           ;ADC.c: 34:     ADCON0bits.GO_DONE=1;
   916  009C  1283               	bcf	3,5	;RP0=0, select bank0
   917  009D  1303               	bcf	3,6	;RP1=0, select bank0
   918  009E  149F               	bsf	31,1	;volatile
   919  009F                     l144:	
   920  009F  0008               	return
   921  00A0                     __end_of_ADC_conf:	
   922                           
   923                           	psect	text5
   924  0015                     __ptext5:	
   925 ;; *************** function _isr *****************
   926 ;; Defined at:
   927 ;;		line 51 in file "main_S2.c"
   928 ;; Parameters:    Size  Location     Type
   929 ;;		None
   930 ;; Auto vars:     Size  Location     Type
   931 ;;		None
   932 ;; Return value:  Size  Location     Type
   933 ;;                  1    wreg      void 
   934 ;; Registers used:
   935 ;;		wreg
   936 ;; Tracked objects:
   937 ;;		On entry : 0/0
   938 ;;		On exit  : 0/0
   939 ;;		Unchanged: 0/0
   940 ;; Data sizes:     COMMON   BANK0   BANK1   BANK3   BANK2
   941 ;;      Params:         0       0       0       0       0
   942 ;;      Locals:         0       0       0       0       0
   943 ;;      Temps:          3       0       0       0       0
   944 ;;      Totals:         3       0       0       0       0
   945 ;;Total ram usage:        3 bytes
   946 ;; Hardware stack levels used:    1
   947 ;; This function calls:
   948 ;;		Nothing
   949 ;; This function is called by:
   950 ;;		Interrupt level 1
   951 ;; This function uses a non-reentrant model
   952 ;;
   953                           
   954                           
   955                           ;psect for function _isr
   956  0015                     _isr:	
   957  0015                     i1l839:	
   958                           
   959                           ;main_S2.c: 52:    if(PIR1bits.SSPIF == 1){
   960  0015  1283               	bcf	3,5	;RP0=0, select bank0
   961  0016  1303               	bcf	3,6	;RP1=0, select bank0
   962  0017  1D8C               	btfss	12,3	;volatile
   963  0018  281A               	goto	u5_21
   964  0019  281B               	goto	u5_20
   965  001A                     u5_21:	
   966  001A  286F               	goto	i1l100
   967  001B                     u5_20:	
   968  001B                     i1l841:	
   969                           
   970                           ;main_S2.c: 54:         SSPCONbits.CKP = 0;
   971  001B  1214               	bcf	20,4	;volatile
   972                           
   973                           ;main_S2.c: 56:         if ((SSPCONbits.SSPOV) || (SSPCONbits.WCOL)){
   974  001C  1B14               	btfsc	20,6	;volatile
   975  001D  281F               	goto	u6_21
   976  001E  2820               	goto	u6_20
   977  001F                     u6_21:	
   978  001F  2824               	goto	i1l845
   979  0020                     u6_20:	
   980  0020                     i1l843:	
   981  0020  1F94               	btfss	20,7	;volatile
   982  0021  2823               	goto	u7_21
   983  0022  2824               	goto	u7_20
   984  0023                     u7_21:	
   985  0023  282B               	goto	i1l853
   986  0024                     u7_20:	
   987  0024                     i1l845:	
   988                           
   989                           ;main_S2.c: 57:             z = SSPBUF;
   990  0024  0813               	movf	19,w	;volatile
   991  0025  00F0               	movwf	??_isr
   992  0026  0870               	movf	??_isr,w
   993  0027  00F8               	movwf	_z
   994  0028                     i1l847:	
   995                           
   996                           ;main_S2.c: 58:             SSPCONbits.SSPOV = 0;
   997  0028  1314               	bcf	20,6	;volatile
   998  0029                     i1l849:	
   999                           
  1000                           ;main_S2.c: 59:             SSPCONbits.WCOL = 0;
  1001  0029  1394               	bcf	20,7	;volatile
  1002  002A                     i1l851:	
  1003                           
  1004                           ;main_S2.c: 60:             SSPCONbits.CKP = 1;
  1005  002A  1614               	bsf	20,4	;volatile
  1006  002B                     i1l853:	
  1007                           
  1008                           ;main_S2.c: 63:         if(!SSPSTATbits.D_nA && !SSPSTATbits.R_nW) {
  1009  002B  1683               	bsf	3,5	;RP0=1, select bank1
  1010  002C  1303               	bcf	3,6	;RP1=0, select bank1
  1011  002D  1A94               	btfsc	20,5	;volatile
  1012  002E  2830               	goto	u8_21
  1013  002F  2831               	goto	u8_20
  1014  0030                     u8_21:	
  1015  0030  284C               	goto	i1l104
  1016  0031                     u8_20:	
  1017  0031                     i1l855:	
  1018  0031  1914               	btfsc	20,2	;volatile
  1019  0032  2834               	goto	u9_21
  1020  0033  2835               	goto	u9_20
  1021  0034                     u9_21:	
  1022  0034  284C               	goto	i1l104
  1023  0035                     u9_20:	
  1024  0035                     i1l857:	
  1025                           
  1026                           ;main_S2.c: 65:             z = SSPBUF;
  1027  0035  1283               	bcf	3,5	;RP0=0, select bank0
  1028  0036  1303               	bcf	3,6	;RP1=0, select bank0
  1029  0037  0813               	movf	19,w	;volatile
  1030  0038  00F0               	movwf	??_isr
  1031  0039  0870               	movf	??_isr,w
  1032  003A  00F8               	movwf	_z
  1033  003B                     i1l859:	
  1034                           
  1035                           ;main_S2.c: 67:             PIR1bits.SSPIF = 0;
  1036  003B  118C               	bcf	12,3	;volatile
  1037  003C                     i1l861:	
  1038                           
  1039                           ;main_S2.c: 68:             SSPCONbits.CKP = 1;
  1040  003C  1614               	bsf	20,4	;volatile
  1041  003D                     i1l105:	
  1042                           ;main_S2.c: 69:             while(!SSPSTATbits.BF);
  1043                           
  1044  003D  1683               	bsf	3,5	;RP0=1, select bank1
  1045  003E  1303               	bcf	3,6	;RP1=0, select bank1
  1046  003F  1C14               	btfss	20,0	;volatile
  1047  0040  2842               	goto	u10_21
  1048  0041  2843               	goto	u10_20
  1049  0042                     u10_21:	
  1050  0042  283D               	goto	i1l105
  1051  0043                     u10_20:	
  1052  0043                     i1l863:	
  1053                           
  1054                           ;main_S2.c: 70:             PORTD = SSPBUF;
  1055  0043  1283               	bcf	3,5	;RP0=0, select bank0
  1056  0044  1303               	bcf	3,6	;RP1=0, select bank0
  1057  0045  0813               	movf	19,w	;volatile
  1058  0046  0088               	movwf	8	;volatile
  1059                           
  1060                           ;main_S2.c: 71:             _delay((unsigned long)((250)*(4000000/4000000.0)));
  1061  0047  3053               	movlw	83
  1062  0048  00F0               	movwf	??_isr
  1063  0049                     u15_27:	
  1064  0049  0BF0               	decfsz	??_isr,f
  1065  004A  2849               	goto	u15_27
  1066                           
  1067                           ;main_S2.c: 73:         }else if(!SSPSTATbits.D_nA && SSPSTATbits.R_nW){
  1068  004B  286C               	goto	i1l108
  1069  004C                     i1l104:	
  1070  004C  1A94               	btfsc	20,5	;volatile
  1071  004D  284F               	goto	u11_21
  1072  004E  2850               	goto	u11_20
  1073  004F                     u11_21:	
  1074  004F  286C               	goto	i1l108
  1075  0050                     u11_20:	
  1076  0050                     i1l865:	
  1077  0050  1D14               	btfss	20,2	;volatile
  1078  0051  2853               	goto	u12_21
  1079  0052  2854               	goto	u12_20
  1080  0053                     u12_21:	
  1081  0053  286C               	goto	i1l108
  1082  0054                     u12_20:	
  1083  0054                     i1l867:	
  1084                           
  1085                           ;main_S2.c: 74:             z = SSPBUF;
  1086  0054  1283               	bcf	3,5	;RP0=0, select bank0
  1087  0055  1303               	bcf	3,6	;RP1=0, select bank0
  1088  0056  0813               	movf	19,w	;volatile
  1089  0057  00F0               	movwf	??_isr
  1090  0058  0870               	movf	??_isr,w
  1091  0059  00F8               	movwf	_z
  1092  005A                     i1l869:	
  1093                           
  1094                           ;main_S2.c: 75:             BF = 0;
  1095  005A  1683               	bsf	3,5	;RP0=1, select bank1
  1096  005B  1303               	bcf	3,6	;RP1=0, select bank1
  1097  005C  1014               	bcf	20,0	;volatile
  1098                           
  1099                           ;main_S2.c: 76:             SSPBUF = dato;
  1100  005D  0877               	movf	_dato,w
  1101  005E  1283               	bcf	3,5	;RP0=0, select bank0
  1102  005F  1303               	bcf	3,6	;RP1=0, select bank0
  1103  0060  0093               	movwf	19	;volatile
  1104  0061                     i1l871:	
  1105                           
  1106                           ;main_S2.c: 77:             SSPCONbits.CKP = 1;
  1107  0061  1614               	bsf	20,4	;volatile
  1108                           
  1109                           ;main_S2.c: 78:             _delay((unsigned long)((250)*(4000000/4000000.0)));
  1110  0062  3053               	movlw	83
  1111  0063  00F0               	movwf	??_isr
  1112  0064                     u16_27:	
  1113  0064  0BF0               	decfsz	??_isr,f
  1114  0065  2864               	goto	u16_27
  1115  0066                     i1l110:	
  1116                           ;main_S2.c: 79:             while(SSPSTATbits.BF);
  1117                           
  1118  0066  1683               	bsf	3,5	;RP0=1, select bank1
  1119  0067  1303               	bcf	3,6	;RP1=0, select bank1
  1120  0068  1814               	btfsc	20,0	;volatile
  1121  0069  286B               	goto	u13_21
  1122  006A  286C               	goto	u13_20
  1123  006B                     u13_21:	
  1124  006B  2866               	goto	i1l110
  1125  006C                     u13_20:	
  1126  006C                     i1l108:	
  1127                           
  1128                           ;main_S2.c: 81:         PIR1bits.SSPIF = 0;
  1129  006C  1283               	bcf	3,5	;RP0=0, select bank0
  1130  006D  1303               	bcf	3,6	;RP1=0, select bank0
  1131  006E  118C               	bcf	12,3	;volatile
  1132  006F                     i1l100:	
  1133                           ;main_S2.c: 82:     }
  1134                           
  1135                           
  1136                           ;main_S2.c: 83:    if (PIR1bits.ADIF==1){
  1137  006F  1F0C               	btfss	12,6	;volatile
  1138  0070  2872               	goto	u14_21
  1139  0071  2873               	goto	u14_20
  1140  0072                     u14_21:	
  1141  0072  2875               	goto	i1l114
  1142  0073                     u14_20:	
  1143  0073                     i1l873:	
  1144                           
  1145                           ;main_S2.c: 84:         INTCONbits.GIE=0;
  1146  0073  138B               	bcf	11,7	;volatile
  1147                           
  1148                           ;main_S2.c: 86:         PIR1bits.ADIF=0;
  1149  0074  130C               	bcf	12,6	;volatile
  1150  0075                     i1l114:	
  1151  0075  0872               	movf	??_isr+2,w
  1152  0076  008A               	movwf	10
  1153  0077  0E71               	swapf	(??_isr+1)^(0+4294967168),w
  1154  0078  0083               	movwf	3
  1155  0079  0EFE               	swapf	btemp,f
  1156  007A  0E7E               	swapf	btemp,w
  1157  007B  0009               	retfie
  1158  007C                     __end_of_isr:	
  1159  007E                     btemp	set	126	;btemp
  1160  007E                     wtemp0	set	126
  1161                           
  1162                           	psect	intentry
  1163  0004                     __pintentry:	
  1164                           ;incstack = 0
  1165                           ; Regs used in _isr: [wreg]
  1166                           
  1167  0004                     interrupt_function:	
  1168  007E                     saved_w	set	btemp
  1169  0004  00FE               	movwf	btemp
  1170  0005  0E03               	swapf	3,w
  1171  0006  00F1               	movwf	??_isr+1
  1172  0007  080A               	movf	10,w
  1173  0008  00F2               	movwf	??_isr+2
  1174  0009  120A  118A  2815   	ljmp	_isr


Data Sizes:
    Strings     0
    Constant    0
    Data        0
    BSS         2
    Persistent  0
    Stack       0

Auto Spaces:
    Space          Size  Autos    Used
    COMMON           14      7       9
    BANK0            80      0       0
    BANK1            80      0       0
    BANK3            96      0       0
    BANK2            96      0       0

Pointer List with Targets:

    None.

Critical Paths under _main in COMMON

    _setup->_ADC_conf

Critical Paths under _isr in COMMON

    None.

Critical Paths under _main in BANK0

    None.

Critical Paths under _isr in BANK0

    None.

Critical Paths under _main in BANK1

    None.

Critical Paths under _isr in BANK1

    None.

Critical Paths under _main in BANK3

    None.

Critical Paths under _isr in BANK3

    None.

Critical Paths under _main in BANK2

    None.

Critical Paths under _isr in BANK2

    None.

Call Graph Tables:

 ---------------------------------------------------------------------------------
 (Depth) Function   	        Calls       Base Space   Used Autos Params    Refs
 ---------------------------------------------------------------------------------
 (0) _main                                                 1     1      0      30
                                              6 COMMON     1     1      0
                              _setup
 ---------------------------------------------------------------------------------
 (1) _setup                                                0     0      0      30
                           _ADC_conf
                           _ADC_init
                     _I2C_Slave_Init
 ---------------------------------------------------------------------------------
 (2) _I2C_Slave_Init                                       1     1      0      15
                                              3 COMMON     1     1      0
 ---------------------------------------------------------------------------------
 (2) _ADC_init                                             0     0      0       0
 ---------------------------------------------------------------------------------
 (2) _ADC_conf                                             3     3      0      15
                                              3 COMMON     3     3      0
 ---------------------------------------------------------------------------------
 Estimated maximum stack depth 2
 ---------------------------------------------------------------------------------
 (Depth) Function   	        Calls       Base Space   Used Autos Params    Refs
 ---------------------------------------------------------------------------------
 (3) _isr                                                  3     3      0       0
                                              0 COMMON     3     3      0
 ---------------------------------------------------------------------------------
 Estimated maximum stack depth 3
 ---------------------------------------------------------------------------------

 Call Graph Graphs:

 _main (ROOT)
   _setup
     _ADC_conf
     _ADC_init
     _I2C_Slave_Init

 _isr (ROOT)

 Address spaces:
Name               Size   Autos  Total    Cost      Usage
BITCOMMON            E      0       0       0        0.0%
EEDATA             100      0       0       0        0.0%
NULL                 0      0       0       0        0.0%
CODE                 0      0       0       0        0.0%
COMMON               E      7       9       1       64.3%
BITSFR0              0      0       0       1        0.0%
SFR0                 0      0       0       1        0.0%
BITSFR1              0      0       0       2        0.0%
SFR1                 0      0       0       2        0.0%
STACK                0      0       0       2        0.0%
ABS                  0      0       9       3        0.0%
BITBANK0            50      0       0       4        0.0%
BITSFR3              0      0       0       4        0.0%
SFR3                 0      0       0       4        0.0%
BANK0               50      0       0       5        0.0%
BITSFR2              0      0       0       5        0.0%
SFR2                 0      0       0       5        0.0%
BITBANK1            50      0       0       6        0.0%
BANK1               50      0       0       7        0.0%
BITBANK3            60      0       0       8        0.0%
BANK3               60      0       0       9        0.0%
BITBANK2            60      0       0      10        0.0%
BANK2               60      0       0      11        0.0%
DATA                 0      0       9      12        0.0%


Microchip Technology PIC Macro Assembler V2.10 build 88905656 
Symbol Table                                                                                   Tue Feb 25 17:41:04 2020

          ADC_conf@ADCNum 0075                         _z 0078               __CFG_CP$OFF 0000  
             _SSPSTATbits 0094                        _BF 04A0                        l55 00D3  
                     l141 007E                       l125 00B9                       l142 009C  
                     l143 0085                       l144 009F                       l147 00EA  
                     l901 0094                       l741 00C9                       l751 00D0  
                     l743 00CA                       l761 00DC                       l753 00D4  
                     l745 00CB                       l771 00E8                       l763 00DF  
                     l755 00D7                       l747 00CC                       l739 00BB  
                     l773 00E9                       l765 00E3                       l757 00D8  
                     l749 00CD                       l775 007D                       l767 00E4  
                     l759 00D9                       l791 00A7                       l769 00E5  
                     l793 00A8                       l779 008C                       l795 00AD  
                     l875 00EB                       l797 00B3                       l789 00A0  
                     l877 00F0                       l879 00F6                       _GIE 005F  
            __CFG_CPD$OFF 0000                       _isr 0015              __CFG_LVP$OFF 0000  
                    ?_isr 0070                      _PEIE 005E                      u5_20 001B  
                    u5_21 001A                      u6_20 0020                      u6_21 001F  
                    u7_20 0024                      u7_21 0023                      u8_20 0031  
                    u8_21 0030                      u9_20 0035                      u9_21 0034  
            __CFG_WRT$OFF 0000                      _dato 0077                      _main 00EB  
                    btemp 007E                      start 000C          __end_of_ADC_conf 00A0  
        __end_of_ADC_init 00EB             __CFG_IESO$OFF 0000                     ??_isr 0070  
                   ?_main 0070             __CFG_WDTE$OFF 0000                     _ANSEL 0188  
                   i1l100 006F                     i1l110 0066                     i1l104 004C  
                   i1l105 003D                     i1l114 0075                     i1l108 006C  
                   i1l841 001B                     i1l851 002A                     i1l843 0020  
                   i1l861 003C                     i1l853 002B                     i1l845 0024  
                   i1l871 0061                     i1l863 0043                     i1l855 0031  
                   i1l847 0028                     i1l839 0015                     i1l873 0073  
                   i1l865 0050                     i1l857 0035                     i1l849 0029  
                   i1l867 0054                     i1l859 003B                     i1l869 005A  
                   u10_20 0043                     u10_21 0042                     u11_20 0050  
                   u11_21 004F                     u12_20 0054                     u12_21 0053  
                   u13_20 006C                     u13_21 006B                     u14_20 0073  
                   u14_21 0072                     u15_27 0049                     u16_27 0064  
                   _PORTD 0008                     _SSPIE 0463                     _TRISE 0089  
                   _SSPIF 0063            __CFG_FCMEN$OFF 0000                     _setup 00A0  
          __CFG_BOREN$OFF 0000                     pclath 000A                     status 0003  
                   wtemp0 007E            __CFG_MCLRE$OFF 0000           __initialization 000F  
            __end_of_main 00FB                    ??_main 0076                    _ADRESH 001E  
                  ?_setup 0070                    _ANSELH 0189                    _SSPADD 0093  
                  _TRISC3 043B                    _TRISC4 043C                    _SSPCON 0014  
                  _SSPBUF 0013            __CFG_PWRTE$OFF 0000                    saved_w 007E  
               ?_ADC_conf 0070                 ?_ADC_init 0070   __end_of__initialization 0011  
          __pcstackCOMMON 0070   __size_of_I2C_Slave_Init 001A             __end_of_setup 00BA  
              ??_ADC_conf 0073                ??_ADC_init 0073                   ??_setup 0076  
   I2C_Slave_Init@address 0073                __pmaintext 00EB                __pintentry 0004  
                 _SSPCON2 0091                   _SSPSTAT 0094                 _ANSELbits 0188  
                 __ptext1 00A0                   __ptext2 00BA                   __ptext3 00D4  
                 __ptext4 007C                   __ptext5 0015              __size_of_isr 0067  
    end_of_initialization 0011            _I2C_Slave_Init 00BA                 _TRISCbits 0087  
               _TRISEbits 0089         __size_of_ADC_conf 0024         __size_of_ADC_init 0017  
  __end_of_I2C_Slave_Init 00D4       start_initialization 000F               __end_of_isr 007C  
__CFG_FOSC$INTRC_NOCLKOUT 0000           ?_I2C_Slave_Init 0070               __pbssCOMMON 0077  
               ___latbits 0002                  _ADC_conf 007C                  _ADC_init 00D4  
          __size_of_setup 001A         interrupt_function 0004                  _PIE1bits 008C  
                _PIR1bits 000C                _ADCON0bits 001F                _ADCON1bits 009F  
       __CFG_BOR4V$BOR40V 0000          ??_I2C_Slave_Init 0073             __size_of_main 0010  
              _INTCONbits 000B                  intlevel1 0000               _SSPCON2bits 0091  
              _SSPCONbits 0014  
